<?xml version="1.0" encoding="UTF-8"?>
<testsuite xmlns:xsi="http://www.w3.org/2001/XMLSchema-instance" xsi:noNamespaceSchemaLocation="https://maven.apache.org/surefire/maven-surefire-plugin/xsd/surefire-test-report.xsd" name="com.example.serwis.controller.PostControllerTest" time="6.954" tests="10" errors="9" skipped="0" failures="0">
  <properties>
    <property name="sun.desktop" value="windows"/>
    <property name="awt.toolkit" value="sun.awt.windows.WToolkit"/>
    <property name="java.specification.version" value="11"/>
    <property name="sun.cpu.isalist" value="amd64"/>
    <property name="sun.jnu.encoding" value="Cp1250"/>
    <property name="java.class.path" value="C:\Users\jedrz\IdeaProjects\projekt\serwis\target\test-classes;C:\Users\jedrz\IdeaProjects\projekt\serwis\target\classes;C:\Users\jedrz\.m2\repository\com\auth0\java-jwt\4.2.1\java-jwt-4.2.1.jar;C:\Users\jedrz\.m2\repository\com\fasterxml\jackson\core\jackson-databind\2.13.3\jackson-databind-2.13.3.jar;C:\Users\jedrz\.m2\repository\com\fasterxml\jackson\core\jackson-annotations\2.13.3\jackson-annotations-2.13.3.jar;C:\Users\jedrz\.m2\repository\com\fasterxml\jackson\core\jackson-core\2.13.3\jackson-core-2.13.3.jar;C:\Users\jedrz\.m2\repository\com\amazonaws\aws-java-sdk\1.11.106\aws-java-sdk-1.11.106.jar;C:\Users\jedrz\.m2\repository\com\amazonaws\aws-java-sdk-pinpoint\1.11.106\aws-java-sdk-pinpoint-1.11.106.jar;C:\Users\jedrz\.m2\repository\com\amazonaws\jmespath-java\1.11.106\jmespath-java-1.11.106.jar;C:\Users\jedrz\.m2\repository\com\amazonaws\aws-java-sdk-xray\1.11.106\aws-java-sdk-xray-1.11.106.jar;C:\Users\jedrz\.m2\repository\com\amazonaws\aws-java-sdk-opsworkscm\1.11.106\aws-java-sdk-opsworkscm-1.11.106.jar;C:\Users\jedrz\.m2\repository\com\amazonaws\aws-java-sdk-support\1.11.106\aws-java-sdk-support-1.11.106.jar;C:\Users\jedrz\.m2\repository\com\amazonaws\aws-java-sdk-simpledb\1.11.106\aws-java-sdk-simpledb-1.11.106.jar;C:\Users\jedrz\.m2\repository\com\amazonaws\aws-java-sdk-servicecatalog\1.11.106\aws-java-sdk-servicecatalog-1.11.106.jar;C:\Users\jedrz\.m2\repository\com\amazonaws\aws-java-sdk-servermigration\1.11.106\aws-java-sdk-servermigration-1.11.106.jar;C:\Users\jedrz\.m2\repository\com\amazonaws\aws-java-sdk-simpleworkflow\1.11.106\aws-java-sdk-simpleworkflow-1.11.106.jar;C:\Users\jedrz\.m2\repository\com\amazonaws\aws-java-sdk-storagegateway\1.11.106\aws-java-sdk-storagegateway-1.11.106.jar;C:\Users\jedrz\.m2\repository\com\amazonaws\aws-java-sdk-route53\1.11.106\aws-java-sdk-route53-1.11.106.jar;C:\Users\jedrz\.m2\repository\com\amazonaws\aws-java-sdk-s3\1.11.106\aws-java-sdk-s3-1.11.106.jar;C:\Users\jedrz\.m2\repository\com\amazonaws\aws-java-sdk-importexport\1.11.106\aws-java-sdk-importexport-1.11.106.jar;C:\Users\jedrz\.m2\repository\com\amazonaws\aws-java-sdk-sts\1.11.106\aws-java-sdk-sts-1.11.106.jar;C:\Users\jedrz\.m2\repository\com\amazonaws\aws-java-sdk-sqs\1.11.106\aws-java-sdk-sqs-1.11.106.jar;C:\Users\jedrz\.m2\repository\com\amazonaws\aws-java-sdk-rds\1.11.106\aws-java-sdk-rds-1.11.106.jar;C:\Users\jedrz\.m2\repository\com\amazonaws\aws-java-sdk-redshift\1.11.106\aws-java-sdk-redshift-1.11.106.jar;C:\Users\jedrz\.m2\repository\com\amazonaws\aws-java-sdk-elasticbeanstalk\1.11.106\aws-java-sdk-elasticbeanstalk-1.11.106.jar;C:\Users\jedrz\.m2\repository\com\amazonaws\aws-java-sdk-glacier\1.11.106\aws-java-sdk-glacier-1.11.106.jar;C:\Users\jedrz\.m2\repository\com\amazonaws\aws-java-sdk-iam\1.11.106\aws-java-sdk-iam-1.11.106.jar;C:\Users\jedrz\.m2\repository\com\amazonaws\aws-java-sdk-datapipeline\1.11.106\aws-java-sdk-datapipeline-1.11.106.jar;C:\Users\jedrz\.m2\repository\com\amazonaws\aws-java-sdk-elasticloadbalancing\1.11.106\aws-java-sdk-elasticloadbalancing-1.11.106.jar;C:\Users\jedrz\.m2\repository\com\amazonaws\aws-java-sdk-elasticloadbalancingv2\1.11.106\aws-java-sdk-elasticloadbalancingv2-1.11.106.jar;C:\Users\jedrz\.m2\repository\com\amazonaws\aws-java-sdk-emr\1.11.106\aws-java-sdk-emr-1.11.106.jar;C:\Users\jedrz\.m2\repository\com\amazonaws\aws-java-sdk-elasticache\1.11.106\aws-java-sdk-elasticache-1.11.106.jar;C:\Users\jedrz\.m2\repository\com\amazonaws\aws-java-sdk-elastictranscoder\1.11.106\aws-java-sdk-elastictranscoder-1.11.106.jar;C:\Users\jedrz\.m2\repository\com\amazonaws\aws-java-sdk-ec2\1.11.106\aws-java-sdk-ec2-1.11.106.jar;C:\Users\jedrz\.m2\repository\com\amazonaws\aws-java-sdk-dynamodb\1.11.106\aws-java-sdk-dynamodb-1.11.106.jar;C:\Users\jedrz\.m2\repository\com\amazonaws\aws-java-sdk-sns\1.11.106\aws-java-sdk-sns-1.11.106.jar;C:\Users\jedrz\.m2\repository\com\amazonaws\aws-java-sdk-budgets\1.11.106\aws-java-sdk-budgets-1.11.106.jar;C:\Users\jedrz\.m2\repository\com\amazonaws\aws-java-sdk-cloudtrail\1.11.106\aws-java-sdk-cloudtrail-1.11.106.jar;C:\Users\jedrz\.m2\repository\com\amazonaws\aws-java-sdk-cloudwatch\1.11.106\aws-java-sdk-cloudwatch-1.11.106.jar;C:\Users\jedrz\.m2\repository\com\amazonaws\aws-java-sdk-logs\1.11.106\aws-java-sdk-logs-1.11.106.jar;C:\Users\jedrz\.m2\repository\com\amazonaws\aws-java-sdk-events\1.11.106\aws-java-sdk-events-1.11.106.jar;C:\Users\jedrz\.m2\repository\com\amazonaws\aws-java-sdk-cognitoidentity\1.11.106\aws-java-sdk-cognitoidentity-1.11.106.jar;C:\Users\jedrz\.m2\repository\com\amazonaws\aws-java-sdk-cognitosync\1.11.106\aws-java-sdk-cognitosync-1.11.106.jar;C:\Users\jedrz\.m2\repository\com\amazonaws\aws-java-sdk-directconnect\1.11.106\aws-java-sdk-directconnect-1.11.106.jar;C:\Users\jedrz\.m2\repository\com\amazonaws\aws-java-sdk-cloudformation\1.11.106\aws-java-sdk-cloudformation-1.11.106.jar;C:\Users\jedrz\.m2\repository\com\amazonaws\aws-java-sdk-cloudfront\1.11.106\aws-java-sdk-cloudfront-1.11.106.jar;C:\Users\jedrz\.m2\repository\com\amazonaws\aws-java-sdk-clouddirectory\1.11.106\aws-java-sdk-clouddirectory-1.11.106.jar;C:\Users\jedrz\.m2\repository\com\amazonaws\aws-java-sdk-kinesis\1.11.106\aws-java-sdk-kinesis-1.11.106.jar;C:\Users\jedrz\.m2\repository\com\amazonaws\aws-java-sdk-opsworks\1.11.106\aws-java-sdk-opsworks-1.11.106.jar;C:\Users\jedrz\.m2\repository\com\amazonaws\aws-java-sdk-ses\1.11.106\aws-java-sdk-ses-1.11.106.jar;C:\Users\jedrz\.m2\repository\com\amazonaws\aws-java-sdk-autoscaling\1.11.106\aws-java-sdk-autoscaling-1.11.106.jar;C:\Users\jedrz\.m2\repository\com\amazonaws\aws-java-sdk-cloudsearch\1.11.106\aws-java-sdk-cloudsearch-1.11.106.jar;C:\Users\jedrz\.m2\repository\com\amazonaws\aws-java-sdk-cloudwatchmetrics\1.11.106\aws-java-sdk-cloudwatchmetrics-1.11.106.jar;C:\Users\jedrz\.m2\repository\com\amazonaws\aws-java-sdk-codedeploy\1.11.106\aws-java-sdk-codedeploy-1.11.106.jar;C:\Users\jedrz\.m2\repository\com\amazonaws\aws-java-sdk-codepipeline\1.11.106\aws-java-sdk-codepipeline-1.11.106.jar;C:\Users\jedrz\.m2\repository\com\amazonaws\aws-java-sdk-kms\1.11.106\aws-java-sdk-kms-1.11.106.jar;C:\Users\jedrz\.m2\repository\com\amazonaws\aws-java-sdk-config\1.11.106\aws-java-sdk-config-1.11.106.jar;C:\Users\jedrz\.m2\repository\com\amazonaws\aws-java-sdk-lambda\1.11.106\aws-java-sdk-lambda-1.11.106.jar;C:\Users\jedrz\.m2\repository\com\amazonaws\aws-java-sdk-ecs\1.11.106\aws-java-sdk-ecs-1.11.106.jar;C:\Users\jedrz\.m2\repository\com\amazonaws\aws-java-sdk-ecr\1.11.106\aws-java-sdk-ecr-1.11.106.jar;C:\Users\jedrz\.m2\repository\com\amazonaws\aws-java-sdk-cloudhsm\1.11.106\aws-java-sdk-cloudhsm-1.11.106.jar;C:\Users\jedrz\.m2\repository\com\amazonaws\aws-java-sdk-ssm\1.11.106\aws-java-sdk-ssm-1.11.106.jar;C:\Users\jedrz\.m2\repository\com\amazonaws\aws-java-sdk-workspaces\1.11.106\aws-java-sdk-workspaces-1.11.106.jar;C:\Users\jedrz\.m2\repository\com\amazonaws\aws-java-sdk-machinelearning\1.11.106\aws-java-sdk-machinelearning-1.11.106.jar;C:\Users\jedrz\.m2\repository\com\amazonaws\aws-java-sdk-directory\1.11.106\aws-java-sdk-directory-1.11.106.jar;C:\Users\jedrz\.m2\repository\com\amazonaws\aws-java-sdk-efs\1.11.106\aws-java-sdk-efs-1.11.106.jar;C:\Users\jedrz\.m2\repository\com\amazonaws\aws-java-sdk-codecommit\1.11.106\aws-java-sdk-codecommit-1.11.106.jar;C:\Users\jedrz\.m2\repository\com\amazonaws\aws-java-sdk-devicefarm\1.11.106\aws-java-sdk-devicefarm-1.11.106.jar;C:\Users\jedrz\.m2\repository\com\amazonaws\aws-java-sdk-elasticsearch\1.11.106\aws-java-sdk-elasticsearch-1.11.106.jar;C:\Users\jedrz\.m2\repository\com\amazonaws\aws-java-sdk-waf\1.11.106\aws-java-sdk-waf-1.11.106.jar;C:\Users\jedrz\.m2\repository\com\amazonaws\aws-java-sdk-marketplacecommerceanalytics\1.11.106\aws-java-sdk-marketplacecommerceanalytics-1.11.106.jar;C:\Users\jedrz\.m2\repository\com\amazonaws\aws-java-sdk-inspector\1.11.106\aws-java-sdk-inspector-1.11.106.jar;C:\Users\jedrz\.m2\repository\com\amazonaws\aws-java-sdk-iot\1.11.106\aws-java-sdk-iot-1.11.106.jar;C:\Users\jedrz\.m2\repository\com\amazonaws\aws-java-sdk-api-gateway\1.11.106\aws-java-sdk-api-gateway-1.11.106.jar;C:\Users\jedrz\.m2\repository\com\amazonaws\aws-java-sdk-acm\1.11.106\aws-java-sdk-acm-1.11.106.jar;C:\Users\jedrz\.m2\repository\com\amazonaws\aws-java-sdk-gamelift\1.11.106\aws-java-sdk-gamelift-1.11.106.jar;C:\Users\jedrz\.m2\repository\com\amazonaws\aws-java-sdk-dms\1.11.106\aws-java-sdk-dms-1.11.106.jar;C:\Users\jedrz\.m2\repository\com\amazonaws\aws-java-sdk-marketplacemeteringservice\1.11.106\aws-java-sdk-marketplacemeteringservice-1.11.106.jar;C:\Users\jedrz\.m2\repository\com\amazonaws\aws-java-sdk-cognitoidp\1.11.106\aws-java-sdk-cognitoidp-1.11.106.jar;C:\Users\jedrz\.m2\repository\com\amazonaws\aws-java-sdk-discovery\1.11.106\aws-java-sdk-discovery-1.11.106.jar;C:\Users\jedrz\.m2\repository\com\amazonaws\aws-java-sdk-applicationautoscaling\1.11.106\aws-java-sdk-applicationautoscaling-1.11.106.jar;C:\Users\jedrz\.m2\repository\com\amazonaws\aws-java-sdk-snowball\1.11.106\aws-java-sdk-snowball-1.11.106.jar;C:\Users\jedrz\.m2\repository\com\amazonaws\aws-java-sdk-rekognition\1.11.106\aws-java-sdk-rekognition-1.11.106.jar;C:\Users\jedrz\.m2\repository\com\amazonaws\aws-java-sdk-polly\1.11.106\aws-java-sdk-polly-1.11.106.jar;C:\Users\jedrz\.m2\repository\com\amazonaws\aws-java-sdk-lightsail\1.11.106\aws-java-sdk-lightsail-1.11.106.jar;C:\Users\jedrz\.m2\repository\com\amazonaws\aws-java-sdk-stepfunctions\1.11.106\aws-java-sdk-stepfunctions-1.11.106.jar;C:\Users\jedrz\.m2\repository\com\amazonaws\aws-java-sdk-health\1.11.106\aws-java-sdk-health-1.11.106.jar;C:\Users\jedrz\.m2\repository\com\amazonaws\aws-java-sdk-costandusagereport\1.11.106\aws-java-sdk-costandusagereport-1.11.106.jar;C:\Users\jedrz\.m2\repository\com\amazonaws\aws-java-sdk-codebuild\1.11.106\aws-java-sdk-codebuild-1.11.106.jar;C:\Users\jedrz\.m2\repository\com\amazonaws\aws-java-sdk-appstream\1.11.106\aws-java-sdk-appstream-1.11.106.jar;C:\Users\jedrz\.m2\repository\com\amazonaws\aws-java-sdk-shield\1.11.106\aws-java-sdk-shield-1.11.106.jar;C:\Users\jedrz\.m2\repository\com\amazonaws\aws-java-sdk-batch\1.11.106\aws-java-sdk-batch-1.11.106.jar;C:\Users\jedrz\.m2\repository\com\amazonaws\aws-java-sdk-lex\1.11.106\aws-java-sdk-lex-1.11.106.jar;C:\Users\jedrz\.m2\repository\com\amazonaws\aws-java-sdk-mechanicalturkrequester\1.11.106\aws-java-sdk-mechanicalturkrequester-1.11.106.jar;C:\Users\jedrz\.m2\repository\com\amazonaws\aws-java-sdk-organizations\1.11.106\aws-java-sdk-organizations-1.11.106.jar;C:\Users\jedrz\.m2\repository\com\amazonaws\aws-java-sdk-workdocs\1.11.106\aws-java-sdk-workdocs-1.11.106.jar;C:\Users\jedrz\.m2\repository\com\amazonaws\aws-java-sdk-core\1.11.106\aws-java-sdk-core-1.11.106.jar;C:\Users\jedrz\.m2\repository\commons-logging\commons-logging\1.1.3\commons-logging-1.1.3.jar;C:\Users\jedrz\.m2\repository\org\apache\httpcomponents\httpclient\4.5.13\httpclient-4.5.13.jar;C:\Users\jedrz\.m2\repository\org\apache\httpcomponents\httpcore\4.4.15\httpcore-4.4.15.jar;C:\Users\jedrz\.m2\repository\commons-codec\commons-codec\1.15\commons-codec-1.15.jar;C:\Users\jedrz\.m2\repository\software\amazon\ion\ion-java\1.0.2\ion-java-1.0.2.jar;C:\Users\jedrz\.m2\repository\com\fasterxml\jackson\dataformat\jackson-dataformat-cbor\2.13.3\jackson-dataformat-cbor-2.13.3.jar;C:\Users\jedrz\.m2\repository\joda-time\joda-time\2.8.1\joda-time-2.8.1.jar;C:\Users\jedrz\.m2\repository\com\amazonaws\aws-java-sdk-models\1.11.106\aws-java-sdk-models-1.11.106.jar;C:\Users\jedrz\.m2\repository\com\amazonaws\aws-java-sdk-swf-libraries\1.11.22\aws-java-sdk-swf-libraries-1.11.22.jar;C:\Users\jedrz\.m2\repository\org\springframework\boot\spring-boot-starter-data-jpa\2.7.3\spring-boot-starter-data-jpa-2.7.3.jar;C:\Users\jedrz\.m2\repository\org\springframework\boot\spring-boot-starter-aop\2.7.3\spring-boot-starter-aop-2.7.3.jar;C:\Users\jedrz\.m2\repository\org\aspectj\aspectjweaver\1.9.7\aspectjweaver-1.9.7.jar;C:\Users\jedrz\.m2\repository\org\springframework\boot\spring-boot-starter-jdbc\2.7.3\spring-boot-starter-jdbc-2.7.3.jar;C:\Users\jedrz\.m2\repository\com\zaxxer\HikariCP\4.0.3\HikariCP-4.0.3.jar;C:\Users\jedrz\.m2\repository\org\springframework\spring-jdbc\5.3.22\spring-jdbc-5.3.22.jar;C:\Users\jedrz\.m2\repository\jakarta\transaction\jakarta.transaction-api\1.3.3\jakarta.transaction-api-1.3.3.jar;C:\Users\jedrz\.m2\repository\jakarta\persistence\jakarta.persistence-api\2.2.3\jakarta.persistence-api-2.2.3.jar;C:\Users\jedrz\.m2\repository\org\hibernate\hibernate-core\5.6.10.Final\hibernate-core-5.6.10.Final.jar;C:\Users\jedrz\.m2\repository\org\jboss\logging\jboss-logging\3.4.3.Final\jboss-logging-3.4.3.Final.jar;C:\Users\jedrz\.m2\repository\antlr\antlr\2.7.7\antlr-2.7.7.jar;C:\Users\jedrz\.m2\repository\org\jboss\jandex\2.4.2.Final\jandex-2.4.2.Final.jar;C:\Users\jedrz\.m2\repository\com\fasterxml\classmate\1.5.1\classmate-1.5.1.jar;C:\Users\jedrz\.m2\repository\org\hibernate\common\hibernate-commons-annotations\5.1.2.Final\hibernate-commons-annotations-5.1.2.Final.jar;C:\Users\jedrz\.m2\repository\org\glassfish\jaxb\jaxb-runtime\2.3.6\jaxb-runtime-2.3.6.jar;C:\Users\jedrz\.m2\repository\org\glassfish\jaxb\txw2\2.3.6\txw2-2.3.6.jar;C:\Users\jedrz\.m2\repository\com\sun\istack\istack-commons-runtime\3.0.12\istack-commons-runtime-3.0.12.jar;C:\Users\jedrz\.m2\repository\com\sun\activation\jakarta.activation\1.2.2\jakarta.activation-1.2.2.jar;C:\Users\jedrz\.m2\repository\org\springframework\data\spring-data-jpa\2.7.2\spring-data-jpa-2.7.2.jar;C:\Users\jedrz\.m2\repository\org\springframework\data\spring-data-commons\2.7.2\spring-data-commons-2.7.2.jar;C:\Users\jedrz\.m2\repository\org\springframework\spring-orm\5.3.22\spring-orm-5.3.22.jar;C:\Users\jedrz\.m2\repository\org\springframework\spring-context\5.3.22\spring-context-5.3.22.jar;C:\Users\jedrz\.m2\repository\org\springframework\spring-tx\5.3.22\spring-tx-5.3.22.jar;C:\Users\jedrz\.m2\repository\org\springframework\spring-beans\5.3.22\spring-beans-5.3.22.jar;C:\Users\jedrz\.m2\repository\org\slf4j\slf4j-api\1.7.36\slf4j-api-1.7.36.jar;C:\Users\jedrz\.m2\repository\org\springframework\spring-aspects\5.3.22\spring-aspects-5.3.22.jar;C:\Users\jedrz\.m2\repository\org\springframework\boot\spring-boot-starter-web\2.7.3\spring-boot-starter-web-2.7.3.jar;C:\Users\jedrz\.m2\repository\org\springframework\boot\spring-boot-starter\2.7.3\spring-boot-starter-2.7.3.jar;C:\Users\jedrz\.m2\repository\org\springframework\boot\spring-boot\2.7.3\spring-boot-2.7.3.jar;C:\Users\jedrz\.m2\repository\org\springframework\boot\spring-boot-autoconfigure\2.7.3\spring-boot-autoconfigure-2.7.3.jar;C:\Users\jedrz\.m2\repository\org\springframework\boot\spring-boot-starter-logging\2.7.3\spring-boot-starter-logging-2.7.3.jar;C:\Users\jedrz\.m2\repository\ch\qos\logback\logback-classic\1.2.11\logback-classic-1.2.11.jar;C:\Users\jedrz\.m2\repository\ch\qos\logback\logback-core\1.2.11\logback-core-1.2.11.jar;C:\Users\jedrz\.m2\repository\org\apache\logging\log4j\log4j-to-slf4j\2.17.2\log4j-to-slf4j-2.17.2.jar;C:\Users\jedrz\.m2\repository\org\apache\logging\log4j\log4j-api\2.17.2\log4j-api-2.17.2.jar;C:\Users\jedrz\.m2\repository\org\slf4j\jul-to-slf4j\1.7.36\jul-to-slf4j-1.7.36.jar;C:\Users\jedrz\.m2\repository\jakarta\annotation\jakarta.annotation-api\1.3.5\jakarta.annotation-api-1.3.5.jar;C:\Users\jedrz\.m2\repository\org\yaml\snakeyaml\1.30\snakeyaml-1.30.jar;C:\Users\jedrz\.m2\repository\org\springframework\boot\spring-boot-starter-json\2.7.3\spring-boot-starter-json-2.7.3.jar;C:\Users\jedrz\.m2\repository\com\fasterxml\jackson\datatype\jackson-datatype-jdk8\2.13.3\jackson-datatype-jdk8-2.13.3.jar;C:\Users\jedrz\.m2\repository\com\fasterxml\jackson\datatype\jackson-datatype-jsr310\2.13.3\jackson-datatype-jsr310-2.13.3.jar;C:\Users\jedrz\.m2\repository\com\fasterxml\jackson\module\jackson-module-parameter-names\2.13.3\jackson-module-parameter-names-2.13.3.jar;C:\Users\jedrz\.m2\repository\org\springframework\boot\spring-boot-starter-tomcat\2.7.3\spring-boot-starter-tomcat-2.7.3.jar;C:\Users\jedrz\.m2\repository\org\apache\tomcat\embed\tomcat-embed-core\9.0.65\tomcat-embed-core-9.0.65.jar;C:\Users\jedrz\.m2\repository\org\apache\tomcat\embed\tomcat-embed-el\9.0.65\tomcat-embed-el-9.0.65.jar;C:\Users\jedrz\.m2\repository\org\apache\tomcat\embed\tomcat-embed-websocket\9.0.65\tomcat-embed-websocket-9.0.65.jar;C:\Users\jedrz\.m2\repository\org\springframework\spring-web\5.3.22\spring-web-5.3.22.jar;C:\Users\jedrz\.m2\repository\org\springframework\spring-webmvc\5.3.22\spring-webmvc-5.3.22.jar;C:\Users\jedrz\.m2\repository\org\springframework\spring-expression\5.3.22\spring-expression-5.3.22.jar;C:\Users\jedrz\.m2\repository\org\springframework\boot\spring-boot-starter-security\2.7.3\spring-boot-starter-security-2.7.3.jar;C:\Users\jedrz\.m2\repository\org\springframework\spring-aop\5.3.22\spring-aop-5.3.22.jar;C:\Users\jedrz\.m2\repository\org\springframework\security\spring-security-config\5.7.3\spring-security-config-5.7.3.jar;C:\Users\jedrz\.m2\repository\org\springframework\security\spring-security-web\5.7.3\spring-security-web-5.7.3.jar;C:\Users\jedrz\.m2\repository\org\springframework\security\spring-security-test\5.7.3\spring-security-test-5.7.3.jar;C:\Users\jedrz\.m2\repository\org\springframework\security\spring-security-core\5.7.3\spring-security-core-5.7.3.jar;C:\Users\jedrz\.m2\repository\org\springframework\security\spring-security-crypto\5.7.3\spring-security-crypto-5.7.3.jar;C:\Users\jedrz\.m2\repository\org\springframework\spring-core\5.3.22\spring-core-5.3.22.jar;C:\Users\jedrz\.m2\repository\org\springframework\spring-jcl\5.3.22\spring-jcl-5.3.22.jar;C:\Users\jedrz\.m2\repository\org\springframework\spring-test\5.3.22\spring-test-5.3.22.jar;C:\Users\jedrz\.m2\repository\mysql\mysql-connector-java\8.0.30\mysql-connector-java-8.0.30.jar;C:\Users\jedrz\.m2\repository\org\projectlombok\lombok\1.18.24\lombok-1.18.24.jar;C:\Users\jedrz\.m2\repository\org\springframework\boot\spring-boot-starter-test\2.7.3\spring-boot-starter-test-2.7.3.jar;C:\Users\jedrz\.m2\repository\org\springframework\boot\spring-boot-test\2.7.3\spring-boot-test-2.7.3.jar;C:\Users\jedrz\.m2\repository\org\springframework\boot\spring-boot-test-autoconfigure\2.7.3\spring-boot-test-autoconfigure-2.7.3.jar;C:\Users\jedrz\.m2\repository\com\jayway\jsonpath\json-path\2.7.0\json-path-2.7.0.jar;C:\Users\jedrz\.m2\repository\net\minidev\json-smart\2.4.8\json-smart-2.4.8.jar;C:\Users\jedrz\.m2\repository\net\minidev\accessors-smart\2.4.8\accessors-smart-2.4.8.jar;C:\Users\jedrz\.m2\repository\org\ow2\asm\asm\9.1\asm-9.1.jar;C:\Users\jedrz\.m2\repository\jakarta\xml\bind\jakarta.xml.bind-api\2.3.3\jakarta.xml.bind-api-2.3.3.jar;C:\Users\jedrz\.m2\repository\jakarta\activation\jakarta.activation-api\1.2.2\jakarta.activation-api-1.2.2.jar;C:\Users\jedrz\.m2\repository\org\assertj\assertj-core\3.22.0\assertj-core-3.22.0.jar;C:\Users\jedrz\.m2\repository\org\hamcrest\hamcrest\2.2\hamcrest-2.2.jar;C:\Users\jedrz\.m2\repository\org\junit\jupiter\junit-jupiter\5.8.2\junit-jupiter-5.8.2.jar;C:\Users\jedrz\.m2\repository\org\junit\jupiter\junit-jupiter-api\5.8.2\junit-jupiter-api-5.8.2.jar;C:\Users\jedrz\.m2\repository\org\opentest4j\opentest4j\1.2.0\opentest4j-1.2.0.jar;C:\Users\jedrz\.m2\repository\org\junit\platform\junit-platform-commons\1.8.2\junit-platform-commons-1.8.2.jar;C:\Users\jedrz\.m2\repository\org\apiguardian\apiguardian-api\1.1.2\apiguardian-api-1.1.2.jar;C:\Users\jedrz\.m2\repository\org\junit\jupiter\junit-jupiter-params\5.8.2\junit-jupiter-params-5.8.2.jar;C:\Users\jedrz\.m2\repository\org\junit\jupiter\junit-jupiter-engine\5.8.2\junit-jupiter-engine-5.8.2.jar;C:\Users\jedrz\.m2\repository\org\junit\platform\junit-platform-engine\1.8.2\junit-platform-engine-1.8.2.jar;C:\Users\jedrz\.m2\repository\org\mockito\mockito-junit-jupiter\4.5.1\mockito-junit-jupiter-4.5.1.jar;C:\Users\jedrz\.m2\repository\org\skyscreamer\jsonassert\1.5.1\jsonassert-1.5.1.jar;C:\Users\jedrz\.m2\repository\com\vaadin\external\google\android-json\0.0.20131108.vaadin1\android-json-0.0.20131108.vaadin1.jar;C:\Users\jedrz\.m2\repository\org\xmlunit\xmlunit-core\2.9.0\xmlunit-core-2.9.0.jar;C:\Users\jedrz\.m2\repository\org\mockito\mockito-core\4.8.1\mockito-core-4.8.1.jar;C:\Users\jedrz\.m2\repository\net\bytebuddy\byte-buddy\1.12.13\byte-buddy-1.12.13.jar;C:\Users\jedrz\.m2\repository\net\bytebuddy\byte-buddy-agent\1.12.13\byte-buddy-agent-1.12.13.jar;C:\Users\jedrz\.m2\repository\org\objenesis\objenesis\3.2\objenesis-3.2.jar;C:\Users\jedrz\.m2\repository\junit\junit\4.13.2\junit-4.13.2.jar;C:\Users\jedrz\.m2\repository\org\hamcrest\hamcrest-core\2.2\hamcrest-core-2.2.jar;"/>
    <property name="java.vm.vendor" value="Oracle Corporation"/>
    <property name="sun.arch.data.model" value="64"/>
    <property name="user.variant" value=""/>
    <property name="java.vendor.url" value="https://openjdk.java.net/"/>
    <property name="user.timezone" value="Europe/Belgrade"/>
    <property name="java.vm.specification.version" value="11"/>
    <property name="os.name" value="Windows 10"/>
    <property name="sun.java.launcher" value="SUN_STANDARD"/>
    <property name="user.country" value="PL"/>
    <property name="sun.boot.library.path" value="C:\Program Files\Java\jdk-11.0.17\bin"/>
    <property name="sun.java.command" value="C:\Users\jedrz\AppData\Local\Temp\surefire13587649390963936884\surefirebooter1279956655379217186.jar C:\Users\jedrz\AppData\Local\Temp\surefire13587649390963936884 2023-03-16T01-11-20_835-jvmRun1 surefire1358471517590272624tmp surefire_06157382252474292345tmp"/>
    <property name="jdk.debug" value="release"/>
    <property name="surefire.test.class.path" value="C:\Users\jedrz\IdeaProjects\projekt\serwis\target\test-classes;C:\Users\jedrz\IdeaProjects\projekt\serwis\target\classes;C:\Users\jedrz\.m2\repository\com\auth0\java-jwt\4.2.1\java-jwt-4.2.1.jar;C:\Users\jedrz\.m2\repository\com\fasterxml\jackson\core\jackson-databind\2.13.3\jackson-databind-2.13.3.jar;C:\Users\jedrz\.m2\repository\com\fasterxml\jackson\core\jackson-annotations\2.13.3\jackson-annotations-2.13.3.jar;C:\Users\jedrz\.m2\repository\com\fasterxml\jackson\core\jackson-core\2.13.3\jackson-core-2.13.3.jar;C:\Users\jedrz\.m2\repository\com\amazonaws\aws-java-sdk\1.11.106\aws-java-sdk-1.11.106.jar;C:\Users\jedrz\.m2\repository\com\amazonaws\aws-java-sdk-pinpoint\1.11.106\aws-java-sdk-pinpoint-1.11.106.jar;C:\Users\jedrz\.m2\repository\com\amazonaws\jmespath-java\1.11.106\jmespath-java-1.11.106.jar;C:\Users\jedrz\.m2\repository\com\amazonaws\aws-java-sdk-xray\1.11.106\aws-java-sdk-xray-1.11.106.jar;C:\Users\jedrz\.m2\repository\com\amazonaws\aws-java-sdk-opsworkscm\1.11.106\aws-java-sdk-opsworkscm-1.11.106.jar;C:\Users\jedrz\.m2\repository\com\amazonaws\aws-java-sdk-support\1.11.106\aws-java-sdk-support-1.11.106.jar;C:\Users\jedrz\.m2\repository\com\amazonaws\aws-java-sdk-simpledb\1.11.106\aws-java-sdk-simpledb-1.11.106.jar;C:\Users\jedrz\.m2\repository\com\amazonaws\aws-java-sdk-servicecatalog\1.11.106\aws-java-sdk-servicecatalog-1.11.106.jar;C:\Users\jedrz\.m2\repository\com\amazonaws\aws-java-sdk-servermigration\1.11.106\aws-java-sdk-servermigration-1.11.106.jar;C:\Users\jedrz\.m2\repository\com\amazonaws\aws-java-sdk-simpleworkflow\1.11.106\aws-java-sdk-simpleworkflow-1.11.106.jar;C:\Users\jedrz\.m2\repository\com\amazonaws\aws-java-sdk-storagegateway\1.11.106\aws-java-sdk-storagegateway-1.11.106.jar;C:\Users\jedrz\.m2\repository\com\amazonaws\aws-java-sdk-route53\1.11.106\aws-java-sdk-route53-1.11.106.jar;C:\Users\jedrz\.m2\repository\com\amazonaws\aws-java-sdk-s3\1.11.106\aws-java-sdk-s3-1.11.106.jar;C:\Users\jedrz\.m2\repository\com\amazonaws\aws-java-sdk-importexport\1.11.106\aws-java-sdk-importexport-1.11.106.jar;C:\Users\jedrz\.m2\repository\com\amazonaws\aws-java-sdk-sts\1.11.106\aws-java-sdk-sts-1.11.106.jar;C:\Users\jedrz\.m2\repository\com\amazonaws\aws-java-sdk-sqs\1.11.106\aws-java-sdk-sqs-1.11.106.jar;C:\Users\jedrz\.m2\repository\com\amazonaws\aws-java-sdk-rds\1.11.106\aws-java-sdk-rds-1.11.106.jar;C:\Users\jedrz\.m2\repository\com\amazonaws\aws-java-sdk-redshift\1.11.106\aws-java-sdk-redshift-1.11.106.jar;C:\Users\jedrz\.m2\repository\com\amazonaws\aws-java-sdk-elasticbeanstalk\1.11.106\aws-java-sdk-elasticbeanstalk-1.11.106.jar;C:\Users\jedrz\.m2\repository\com\amazonaws\aws-java-sdk-glacier\1.11.106\aws-java-sdk-glacier-1.11.106.jar;C:\Users\jedrz\.m2\repository\com\amazonaws\aws-java-sdk-iam\1.11.106\aws-java-sdk-iam-1.11.106.jar;C:\Users\jedrz\.m2\repository\com\amazonaws\aws-java-sdk-datapipeline\1.11.106\aws-java-sdk-datapipeline-1.11.106.jar;C:\Users\jedrz\.m2\repository\com\amazonaws\aws-java-sdk-elasticloadbalancing\1.11.106\aws-java-sdk-elasticloadbalancing-1.11.106.jar;C:\Users\jedrz\.m2\repository\com\amazonaws\aws-java-sdk-elasticloadbalancingv2\1.11.106\aws-java-sdk-elasticloadbalancingv2-1.11.106.jar;C:\Users\jedrz\.m2\repository\com\amazonaws\aws-java-sdk-emr\1.11.106\aws-java-sdk-emr-1.11.106.jar;C:\Users\jedrz\.m2\repository\com\amazonaws\aws-java-sdk-elasticache\1.11.106\aws-java-sdk-elasticache-1.11.106.jar;C:\Users\jedrz\.m2\repository\com\amazonaws\aws-java-sdk-elastictranscoder\1.11.106\aws-java-sdk-elastictranscoder-1.11.106.jar;C:\Users\jedrz\.m2\repository\com\amazonaws\aws-java-sdk-ec2\1.11.106\aws-java-sdk-ec2-1.11.106.jar;C:\Users\jedrz\.m2\repository\com\amazonaws\aws-java-sdk-dynamodb\1.11.106\aws-java-sdk-dynamodb-1.11.106.jar;C:\Users\jedrz\.m2\repository\com\amazonaws\aws-java-sdk-sns\1.11.106\aws-java-sdk-sns-1.11.106.jar;C:\Users\jedrz\.m2\repository\com\amazonaws\aws-java-sdk-budgets\1.11.106\aws-java-sdk-budgets-1.11.106.jar;C:\Users\jedrz\.m2\repository\com\amazonaws\aws-java-sdk-cloudtrail\1.11.106\aws-java-sdk-cloudtrail-1.11.106.jar;C:\Users\jedrz\.m2\repository\com\amazonaws\aws-java-sdk-cloudwatch\1.11.106\aws-java-sdk-cloudwatch-1.11.106.jar;C:\Users\jedrz\.m2\repository\com\amazonaws\aws-java-sdk-logs\1.11.106\aws-java-sdk-logs-1.11.106.jar;C:\Users\jedrz\.m2\repository\com\amazonaws\aws-java-sdk-events\1.11.106\aws-java-sdk-events-1.11.106.jar;C:\Users\jedrz\.m2\repository\com\amazonaws\aws-java-sdk-cognitoidentity\1.11.106\aws-java-sdk-cognitoidentity-1.11.106.jar;C:\Users\jedrz\.m2\repository\com\amazonaws\aws-java-sdk-cognitosync\1.11.106\aws-java-sdk-cognitosync-1.11.106.jar;C:\Users\jedrz\.m2\repository\com\amazonaws\aws-java-sdk-directconnect\1.11.106\aws-java-sdk-directconnect-1.11.106.jar;C:\Users\jedrz\.m2\repository\com\amazonaws\aws-java-sdk-cloudformation\1.11.106\aws-java-sdk-cloudformation-1.11.106.jar;C:\Users\jedrz\.m2\repository\com\amazonaws\aws-java-sdk-cloudfront\1.11.106\aws-java-sdk-cloudfront-1.11.106.jar;C:\Users\jedrz\.m2\repository\com\amazonaws\aws-java-sdk-clouddirectory\1.11.106\aws-java-sdk-clouddirectory-1.11.106.jar;C:\Users\jedrz\.m2\repository\com\amazonaws\aws-java-sdk-kinesis\1.11.106\aws-java-sdk-kinesis-1.11.106.jar;C:\Users\jedrz\.m2\repository\com\amazonaws\aws-java-sdk-opsworks\1.11.106\aws-java-sdk-opsworks-1.11.106.jar;C:\Users\jedrz\.m2\repository\com\amazonaws\aws-java-sdk-ses\1.11.106\aws-java-sdk-ses-1.11.106.jar;C:\Users\jedrz\.m2\repository\com\amazonaws\aws-java-sdk-autoscaling\1.11.106\aws-java-sdk-autoscaling-1.11.106.jar;C:\Users\jedrz\.m2\repository\com\amazonaws\aws-java-sdk-cloudsearch\1.11.106\aws-java-sdk-cloudsearch-1.11.106.jar;C:\Users\jedrz\.m2\repository\com\amazonaws\aws-java-sdk-cloudwatchmetrics\1.11.106\aws-java-sdk-cloudwatchmetrics-1.11.106.jar;C:\Users\jedrz\.m2\repository\com\amazonaws\aws-java-sdk-codedeploy\1.11.106\aws-java-sdk-codedeploy-1.11.106.jar;C:\Users\jedrz\.m2\repository\com\amazonaws\aws-java-sdk-codepipeline\1.11.106\aws-java-sdk-codepipeline-1.11.106.jar;C:\Users\jedrz\.m2\repository\com\amazonaws\aws-java-sdk-kms\1.11.106\aws-java-sdk-kms-1.11.106.jar;C:\Users\jedrz\.m2\repository\com\amazonaws\aws-java-sdk-config\1.11.106\aws-java-sdk-config-1.11.106.jar;C:\Users\jedrz\.m2\repository\com\amazonaws\aws-java-sdk-lambda\1.11.106\aws-java-sdk-lambda-1.11.106.jar;C:\Users\jedrz\.m2\repository\com\amazonaws\aws-java-sdk-ecs\1.11.106\aws-java-sdk-ecs-1.11.106.jar;C:\Users\jedrz\.m2\repository\com\amazonaws\aws-java-sdk-ecr\1.11.106\aws-java-sdk-ecr-1.11.106.jar;C:\Users\jedrz\.m2\repository\com\amazonaws\aws-java-sdk-cloudhsm\1.11.106\aws-java-sdk-cloudhsm-1.11.106.jar;C:\Users\jedrz\.m2\repository\com\amazonaws\aws-java-sdk-ssm\1.11.106\aws-java-sdk-ssm-1.11.106.jar;C:\Users\jedrz\.m2\repository\com\amazonaws\aws-java-sdk-workspaces\1.11.106\aws-java-sdk-workspaces-1.11.106.jar;C:\Users\jedrz\.m2\repository\com\amazonaws\aws-java-sdk-machinelearning\1.11.106\aws-java-sdk-machinelearning-1.11.106.jar;C:\Users\jedrz\.m2\repository\com\amazonaws\aws-java-sdk-directory\1.11.106\aws-java-sdk-directory-1.11.106.jar;C:\Users\jedrz\.m2\repository\com\amazonaws\aws-java-sdk-efs\1.11.106\aws-java-sdk-efs-1.11.106.jar;C:\Users\jedrz\.m2\repository\com\amazonaws\aws-java-sdk-codecommit\1.11.106\aws-java-sdk-codecommit-1.11.106.jar;C:\Users\jedrz\.m2\repository\com\amazonaws\aws-java-sdk-devicefarm\1.11.106\aws-java-sdk-devicefarm-1.11.106.jar;C:\Users\jedrz\.m2\repository\com\amazonaws\aws-java-sdk-elasticsearch\1.11.106\aws-java-sdk-elasticsearch-1.11.106.jar;C:\Users\jedrz\.m2\repository\com\amazonaws\aws-java-sdk-waf\1.11.106\aws-java-sdk-waf-1.11.106.jar;C:\Users\jedrz\.m2\repository\com\amazonaws\aws-java-sdk-marketplacecommerceanalytics\1.11.106\aws-java-sdk-marketplacecommerceanalytics-1.11.106.jar;C:\Users\jedrz\.m2\repository\com\amazonaws\aws-java-sdk-inspector\1.11.106\aws-java-sdk-inspector-1.11.106.jar;C:\Users\jedrz\.m2\repository\com\amazonaws\aws-java-sdk-iot\1.11.106\aws-java-sdk-iot-1.11.106.jar;C:\Users\jedrz\.m2\repository\com\amazonaws\aws-java-sdk-api-gateway\1.11.106\aws-java-sdk-api-gateway-1.11.106.jar;C:\Users\jedrz\.m2\repository\com\amazonaws\aws-java-sdk-acm\1.11.106\aws-java-sdk-acm-1.11.106.jar;C:\Users\jedrz\.m2\repository\com\amazonaws\aws-java-sdk-gamelift\1.11.106\aws-java-sdk-gamelift-1.11.106.jar;C:\Users\jedrz\.m2\repository\com\amazonaws\aws-java-sdk-dms\1.11.106\aws-java-sdk-dms-1.11.106.jar;C:\Users\jedrz\.m2\repository\com\amazonaws\aws-java-sdk-marketplacemeteringservice\1.11.106\aws-java-sdk-marketplacemeteringservice-1.11.106.jar;C:\Users\jedrz\.m2\repository\com\amazonaws\aws-java-sdk-cognitoidp\1.11.106\aws-java-sdk-cognitoidp-1.11.106.jar;C:\Users\jedrz\.m2\repository\com\amazonaws\aws-java-sdk-discovery\1.11.106\aws-java-sdk-discovery-1.11.106.jar;C:\Users\jedrz\.m2\repository\com\amazonaws\aws-java-sdk-applicationautoscaling\1.11.106\aws-java-sdk-applicationautoscaling-1.11.106.jar;C:\Users\jedrz\.m2\repository\com\amazonaws\aws-java-sdk-snowball\1.11.106\aws-java-sdk-snowball-1.11.106.jar;C:\Users\jedrz\.m2\repository\com\amazonaws\aws-java-sdk-rekognition\1.11.106\aws-java-sdk-rekognition-1.11.106.jar;C:\Users\jedrz\.m2\repository\com\amazonaws\aws-java-sdk-polly\1.11.106\aws-java-sdk-polly-1.11.106.jar;C:\Users\jedrz\.m2\repository\com\amazonaws\aws-java-sdk-lightsail\1.11.106\aws-java-sdk-lightsail-1.11.106.jar;C:\Users\jedrz\.m2\repository\com\amazonaws\aws-java-sdk-stepfunctions\1.11.106\aws-java-sdk-stepfunctions-1.11.106.jar;C:\Users\jedrz\.m2\repository\com\amazonaws\aws-java-sdk-health\1.11.106\aws-java-sdk-health-1.11.106.jar;C:\Users\jedrz\.m2\repository\com\amazonaws\aws-java-sdk-costandusagereport\1.11.106\aws-java-sdk-costandusagereport-1.11.106.jar;C:\Users\jedrz\.m2\repository\com\amazonaws\aws-java-sdk-codebuild\1.11.106\aws-java-sdk-codebuild-1.11.106.jar;C:\Users\jedrz\.m2\repository\com\amazonaws\aws-java-sdk-appstream\1.11.106\aws-java-sdk-appstream-1.11.106.jar;C:\Users\jedrz\.m2\repository\com\amazonaws\aws-java-sdk-shield\1.11.106\aws-java-sdk-shield-1.11.106.jar;C:\Users\jedrz\.m2\repository\com\amazonaws\aws-java-sdk-batch\1.11.106\aws-java-sdk-batch-1.11.106.jar;C:\Users\jedrz\.m2\repository\com\amazonaws\aws-java-sdk-lex\1.11.106\aws-java-sdk-lex-1.11.106.jar;C:\Users\jedrz\.m2\repository\com\amazonaws\aws-java-sdk-mechanicalturkrequester\1.11.106\aws-java-sdk-mechanicalturkrequester-1.11.106.jar;C:\Users\jedrz\.m2\repository\com\amazonaws\aws-java-sdk-organizations\1.11.106\aws-java-sdk-organizations-1.11.106.jar;C:\Users\jedrz\.m2\repository\com\amazonaws\aws-java-sdk-workdocs\1.11.106\aws-java-sdk-workdocs-1.11.106.jar;C:\Users\jedrz\.m2\repository\com\amazonaws\aws-java-sdk-core\1.11.106\aws-java-sdk-core-1.11.106.jar;C:\Users\jedrz\.m2\repository\commons-logging\commons-logging\1.1.3\commons-logging-1.1.3.jar;C:\Users\jedrz\.m2\repository\org\apache\httpcomponents\httpclient\4.5.13\httpclient-4.5.13.jar;C:\Users\jedrz\.m2\repository\org\apache\httpcomponents\httpcore\4.4.15\httpcore-4.4.15.jar;C:\Users\jedrz\.m2\repository\commons-codec\commons-codec\1.15\commons-codec-1.15.jar;C:\Users\jedrz\.m2\repository\software\amazon\ion\ion-java\1.0.2\ion-java-1.0.2.jar;C:\Users\jedrz\.m2\repository\com\fasterxml\jackson\dataformat\jackson-dataformat-cbor\2.13.3\jackson-dataformat-cbor-2.13.3.jar;C:\Users\jedrz\.m2\repository\joda-time\joda-time\2.8.1\joda-time-2.8.1.jar;C:\Users\jedrz\.m2\repository\com\amazonaws\aws-java-sdk-models\1.11.106\aws-java-sdk-models-1.11.106.jar;C:\Users\jedrz\.m2\repository\com\amazonaws\aws-java-sdk-swf-libraries\1.11.22\aws-java-sdk-swf-libraries-1.11.22.jar;C:\Users\jedrz\.m2\repository\org\springframework\boot\spring-boot-starter-data-jpa\2.7.3\spring-boot-starter-data-jpa-2.7.3.jar;C:\Users\jedrz\.m2\repository\org\springframework\boot\spring-boot-starter-aop\2.7.3\spring-boot-starter-aop-2.7.3.jar;C:\Users\jedrz\.m2\repository\org\aspectj\aspectjweaver\1.9.7\aspectjweaver-1.9.7.jar;C:\Users\jedrz\.m2\repository\org\springframework\boot\spring-boot-starter-jdbc\2.7.3\spring-boot-starter-jdbc-2.7.3.jar;C:\Users\jedrz\.m2\repository\com\zaxxer\HikariCP\4.0.3\HikariCP-4.0.3.jar;C:\Users\jedrz\.m2\repository\org\springframework\spring-jdbc\5.3.22\spring-jdbc-5.3.22.jar;C:\Users\jedrz\.m2\repository\jakarta\transaction\jakarta.transaction-api\1.3.3\jakarta.transaction-api-1.3.3.jar;C:\Users\jedrz\.m2\repository\jakarta\persistence\jakarta.persistence-api\2.2.3\jakarta.persistence-api-2.2.3.jar;C:\Users\jedrz\.m2\repository\org\hibernate\hibernate-core\5.6.10.Final\hibernate-core-5.6.10.Final.jar;C:\Users\jedrz\.m2\repository\org\jboss\logging\jboss-logging\3.4.3.Final\jboss-logging-3.4.3.Final.jar;C:\Users\jedrz\.m2\repository\antlr\antlr\2.7.7\antlr-2.7.7.jar;C:\Users\jedrz\.m2\repository\org\jboss\jandex\2.4.2.Final\jandex-2.4.2.Final.jar;C:\Users\jedrz\.m2\repository\com\fasterxml\classmate\1.5.1\classmate-1.5.1.jar;C:\Users\jedrz\.m2\repository\org\hibernate\common\hibernate-commons-annotations\5.1.2.Final\hibernate-commons-annotations-5.1.2.Final.jar;C:\Users\jedrz\.m2\repository\org\glassfish\jaxb\jaxb-runtime\2.3.6\jaxb-runtime-2.3.6.jar;C:\Users\jedrz\.m2\repository\org\glassfish\jaxb\txw2\2.3.6\txw2-2.3.6.jar;C:\Users\jedrz\.m2\repository\com\sun\istack\istack-commons-runtime\3.0.12\istack-commons-runtime-3.0.12.jar;C:\Users\jedrz\.m2\repository\com\sun\activation\jakarta.activation\1.2.2\jakarta.activation-1.2.2.jar;C:\Users\jedrz\.m2\repository\org\springframework\data\spring-data-jpa\2.7.2\spring-data-jpa-2.7.2.jar;C:\Users\jedrz\.m2\repository\org\springframework\data\spring-data-commons\2.7.2\spring-data-commons-2.7.2.jar;C:\Users\jedrz\.m2\repository\org\springframework\spring-orm\5.3.22\spring-orm-5.3.22.jar;C:\Users\jedrz\.m2\repository\org\springframework\spring-context\5.3.22\spring-context-5.3.22.jar;C:\Users\jedrz\.m2\repository\org\springframework\spring-tx\5.3.22\spring-tx-5.3.22.jar;C:\Users\jedrz\.m2\repository\org\springframework\spring-beans\5.3.22\spring-beans-5.3.22.jar;C:\Users\jedrz\.m2\repository\org\slf4j\slf4j-api\1.7.36\slf4j-api-1.7.36.jar;C:\Users\jedrz\.m2\repository\org\springframework\spring-aspects\5.3.22\spring-aspects-5.3.22.jar;C:\Users\jedrz\.m2\repository\org\springframework\boot\spring-boot-starter-web\2.7.3\spring-boot-starter-web-2.7.3.jar;C:\Users\jedrz\.m2\repository\org\springframework\boot\spring-boot-starter\2.7.3\spring-boot-starter-2.7.3.jar;C:\Users\jedrz\.m2\repository\org\springframework\boot\spring-boot\2.7.3\spring-boot-2.7.3.jar;C:\Users\jedrz\.m2\repository\org\springframework\boot\spring-boot-autoconfigure\2.7.3\spring-boot-autoconfigure-2.7.3.jar;C:\Users\jedrz\.m2\repository\org\springframework\boot\spring-boot-starter-logging\2.7.3\spring-boot-starter-logging-2.7.3.jar;C:\Users\jedrz\.m2\repository\ch\qos\logback\logback-classic\1.2.11\logback-classic-1.2.11.jar;C:\Users\jedrz\.m2\repository\ch\qos\logback\logback-core\1.2.11\logback-core-1.2.11.jar;C:\Users\jedrz\.m2\repository\org\apache\logging\log4j\log4j-to-slf4j\2.17.2\log4j-to-slf4j-2.17.2.jar;C:\Users\jedrz\.m2\repository\org\apache\logging\log4j\log4j-api\2.17.2\log4j-api-2.17.2.jar;C:\Users\jedrz\.m2\repository\org\slf4j\jul-to-slf4j\1.7.36\jul-to-slf4j-1.7.36.jar;C:\Users\jedrz\.m2\repository\jakarta\annotation\jakarta.annotation-api\1.3.5\jakarta.annotation-api-1.3.5.jar;C:\Users\jedrz\.m2\repository\org\yaml\snakeyaml\1.30\snakeyaml-1.30.jar;C:\Users\jedrz\.m2\repository\org\springframework\boot\spring-boot-starter-json\2.7.3\spring-boot-starter-json-2.7.3.jar;C:\Users\jedrz\.m2\repository\com\fasterxml\jackson\datatype\jackson-datatype-jdk8\2.13.3\jackson-datatype-jdk8-2.13.3.jar;C:\Users\jedrz\.m2\repository\com\fasterxml\jackson\datatype\jackson-datatype-jsr310\2.13.3\jackson-datatype-jsr310-2.13.3.jar;C:\Users\jedrz\.m2\repository\com\fasterxml\jackson\module\jackson-module-parameter-names\2.13.3\jackson-module-parameter-names-2.13.3.jar;C:\Users\jedrz\.m2\repository\org\springframework\boot\spring-boot-starter-tomcat\2.7.3\spring-boot-starter-tomcat-2.7.3.jar;C:\Users\jedrz\.m2\repository\org\apache\tomcat\embed\tomcat-embed-core\9.0.65\tomcat-embed-core-9.0.65.jar;C:\Users\jedrz\.m2\repository\org\apache\tomcat\embed\tomcat-embed-el\9.0.65\tomcat-embed-el-9.0.65.jar;C:\Users\jedrz\.m2\repository\org\apache\tomcat\embed\tomcat-embed-websocket\9.0.65\tomcat-embed-websocket-9.0.65.jar;C:\Users\jedrz\.m2\repository\org\springframework\spring-web\5.3.22\spring-web-5.3.22.jar;C:\Users\jedrz\.m2\repository\org\springframework\spring-webmvc\5.3.22\spring-webmvc-5.3.22.jar;C:\Users\jedrz\.m2\repository\org\springframework\spring-expression\5.3.22\spring-expression-5.3.22.jar;C:\Users\jedrz\.m2\repository\org\springframework\boot\spring-boot-starter-security\2.7.3\spring-boot-starter-security-2.7.3.jar;C:\Users\jedrz\.m2\repository\org\springframework\spring-aop\5.3.22\spring-aop-5.3.22.jar;C:\Users\jedrz\.m2\repository\org\springframework\security\spring-security-config\5.7.3\spring-security-config-5.7.3.jar;C:\Users\jedrz\.m2\repository\org\springframework\security\spring-security-web\5.7.3\spring-security-web-5.7.3.jar;C:\Users\jedrz\.m2\repository\org\springframework\security\spring-security-test\5.7.3\spring-security-test-5.7.3.jar;C:\Users\jedrz\.m2\repository\org\springframework\security\spring-security-core\5.7.3\spring-security-core-5.7.3.jar;C:\Users\jedrz\.m2\repository\org\springframework\security\spring-security-crypto\5.7.3\spring-security-crypto-5.7.3.jar;C:\Users\jedrz\.m2\repository\org\springframework\spring-core\5.3.22\spring-core-5.3.22.jar;C:\Users\jedrz\.m2\repository\org\springframework\spring-jcl\5.3.22\spring-jcl-5.3.22.jar;C:\Users\jedrz\.m2\repository\org\springframework\spring-test\5.3.22\spring-test-5.3.22.jar;C:\Users\jedrz\.m2\repository\mysql\mysql-connector-java\8.0.30\mysql-connector-java-8.0.30.jar;C:\Users\jedrz\.m2\repository\org\projectlombok\lombok\1.18.24\lombok-1.18.24.jar;C:\Users\jedrz\.m2\repository\org\springframework\boot\spring-boot-starter-test\2.7.3\spring-boot-starter-test-2.7.3.jar;C:\Users\jedrz\.m2\repository\org\springframework\boot\spring-boot-test\2.7.3\spring-boot-test-2.7.3.jar;C:\Users\jedrz\.m2\repository\org\springframework\boot\spring-boot-test-autoconfigure\2.7.3\spring-boot-test-autoconfigure-2.7.3.jar;C:\Users\jedrz\.m2\repository\com\jayway\jsonpath\json-path\2.7.0\json-path-2.7.0.jar;C:\Users\jedrz\.m2\repository\net\minidev\json-smart\2.4.8\json-smart-2.4.8.jar;C:\Users\jedrz\.m2\repository\net\minidev\accessors-smart\2.4.8\accessors-smart-2.4.8.jar;C:\Users\jedrz\.m2\repository\org\ow2\asm\asm\9.1\asm-9.1.jar;C:\Users\jedrz\.m2\repository\jakarta\xml\bind\jakarta.xml.bind-api\2.3.3\jakarta.xml.bind-api-2.3.3.jar;C:\Users\jedrz\.m2\repository\jakarta\activation\jakarta.activation-api\1.2.2\jakarta.activation-api-1.2.2.jar;C:\Users\jedrz\.m2\repository\org\assertj\assertj-core\3.22.0\assertj-core-3.22.0.jar;C:\Users\jedrz\.m2\repository\org\hamcrest\hamcrest\2.2\hamcrest-2.2.jar;C:\Users\jedrz\.m2\repository\org\junit\jupiter\junit-jupiter\5.8.2\junit-jupiter-5.8.2.jar;C:\Users\jedrz\.m2\repository\org\junit\jupiter\junit-jupiter-api\5.8.2\junit-jupiter-api-5.8.2.jar;C:\Users\jedrz\.m2\repository\org\opentest4j\opentest4j\1.2.0\opentest4j-1.2.0.jar;C:\Users\jedrz\.m2\repository\org\junit\platform\junit-platform-commons\1.8.2\junit-platform-commons-1.8.2.jar;C:\Users\jedrz\.m2\repository\org\apiguardian\apiguardian-api\1.1.2\apiguardian-api-1.1.2.jar;C:\Users\jedrz\.m2\repository\org\junit\jupiter\junit-jupiter-params\5.8.2\junit-jupiter-params-5.8.2.jar;C:\Users\jedrz\.m2\repository\org\junit\jupiter\junit-jupiter-engine\5.8.2\junit-jupiter-engine-5.8.2.jar;C:\Users\jedrz\.m2\repository\org\junit\platform\junit-platform-engine\1.8.2\junit-platform-engine-1.8.2.jar;C:\Users\jedrz\.m2\repository\org\mockito\mockito-junit-jupiter\4.5.1\mockito-junit-jupiter-4.5.1.jar;C:\Users\jedrz\.m2\repository\org\skyscreamer\jsonassert\1.5.1\jsonassert-1.5.1.jar;C:\Users\jedrz\.m2\repository\com\vaadin\external\google\android-json\0.0.20131108.vaadin1\android-json-0.0.20131108.vaadin1.jar;C:\Users\jedrz\.m2\repository\org\xmlunit\xmlunit-core\2.9.0\xmlunit-core-2.9.0.jar;C:\Users\jedrz\.m2\repository\org\mockito\mockito-core\4.8.1\mockito-core-4.8.1.jar;C:\Users\jedrz\.m2\repository\net\bytebuddy\byte-buddy\1.12.13\byte-buddy-1.12.13.jar;C:\Users\jedrz\.m2\repository\net\bytebuddy\byte-buddy-agent\1.12.13\byte-buddy-agent-1.12.13.jar;C:\Users\jedrz\.m2\repository\org\objenesis\objenesis\3.2\objenesis-3.2.jar;C:\Users\jedrz\.m2\repository\junit\junit\4.13.2\junit-4.13.2.jar;C:\Users\jedrz\.m2\repository\org\hamcrest\hamcrest-core\2.2\hamcrest-core-2.2.jar;"/>
    <property name="sun.cpu.endian" value="little"/>
    <property name="user.home" value="C:\Users\jedrz"/>
    <property name="user.language" value="pl"/>
    <property name="java.specification.vendor" value="Oracle Corporation"/>
    <property name="java.version.date" value="2022-10-18"/>
    <property name="java.home" value="C:\Program Files\Java\jdk-11.0.17"/>
    <property name="file.separator" value="\"/>
    <property name="basedir" value="C:\Users\jedrz\IdeaProjects\projekt\serwis"/>
    <property name="java.vm.compressedOopsMode" value="Zero based"/>
    <property name="line.separator" value="&#10;"/>
    <property name="java.specification.name" value="Java Platform API Specification"/>
    <property name="java.vm.specification.vendor" value="Oracle Corporation"/>
    <property name="java.awt.graphicsenv" value="sun.awt.Win32GraphicsEnvironment"/>
    <property name="surefire.real.class.path" value="C:\Users\jedrz\AppData\Local\Temp\surefire13587649390963936884\surefirebooter1279956655379217186.jar"/>
    <property name="user.script" value=""/>
    <property name="sun.management.compiler" value="HotSpot 64-Bit Tiered Compilers"/>
    <property name="java.runtime.version" value="11.0.17+10-LTS-269"/>
    <property name="user.name" value="jedras"/>
    <property name="path.separator" value=";"/>
    <property name="os.version" value="10.0"/>
    <property name="java.runtime.name" value="Java(TM) SE Runtime Environment"/>
    <property name="file.encoding" value="Cp1250"/>
    <property name="java.vm.name" value="Java HotSpot(TM) 64-Bit Server VM"/>
    <property name="java.vendor.version" value="18.9"/>
    <property name="localRepository" value="C:\Users\jedrz\.m2\repository"/>
    <property name="java.vendor.url.bug" value="https://bugreport.java.com/bugreport/"/>
    <property name="java.io.tmpdir" value="C:\Users\jedrz\AppData\Local\Temp\"/>
    <property name="java.version" value="11.0.17"/>
    <property name="user.dir" value="C:\Users\jedrz\IdeaProjects\projekt\serwis"/>
    <property name="os.arch" value="amd64"/>
    <property name="java.vm.specification.name" value="Java Virtual Machine Specification"/>
    <property name="java.awt.printerjob" value="sun.awt.windows.WPrinterJob"/>
    <property name="sun.os.patch.level" value=""/>
    <property name="java.library.path" value="C:\Program Files\Java\jdk-11.0.17\bin;C:\Windows\Sun\Java\bin;C:\Windows\system32;C:\Windows;C:\Users\jedrz\Desktop\WINDOWS.X64_193000_db_home\bin;C:\Program Files\Common Files\Oracle\Java\javapath;C:\Program Files (x86)\Common Files\Oracle\Java\javapath;C:\Windows\system32;C:\Windows;C:\Windows\System32\Wbem;C:\Windows\System32\WindowsPowerShell\v1.0\;C:\Windows\System32\OpenSSH\;C:\Program Files\Git\cmd;C:\PragmaDev\Studio\bin;C:\PragmaDev\Studio\share\3rdparty\MinGW\bin;C:\PragmaDev\Studio\bin;C:\PragmaDev\Studio\share\3rdparty\MinGW\bin;C:\PragmaDev\Studio\bin;C:\PragmaDev\Studio\share\3rdparty\MinGW\bin;C:\PragmaDev\Studio\bin;C:\PragmaDev\Studio\share\3rdparty\MinGW\bin;C:\PragmaDev\Studio\bin;C:\PragmaDev\Studio\share\3rdparty\MinGW\bin;C:\PragmaDev\Studio\bin;C:\PragmaDev\Studio\share\3rdparty\MinGW\bin;C:\Program Files\Java\jdk-16.0.2\bin;C:\Program Files\apache-maven-3.8.2-bin (1)\apache-maven-3.8.2\bin;C:\Program Files\Microsoft SQL Server\150\Tools\Binn\;C:\Program Files\Amazon\AWSCLIV2\;C:\Program Files\Docker\Docker\resources\bin;C:\Program Files\Kubernetes\Minikube;C:\Program Files\nodejs\;C:\Program Files\MATLAB\R2022b\bin;C:\Program Files\PuTTY\;C:\Program Files\MySQL\MySQL Shell 8.0\bin\;C:\Users\jedrz\AppData\Local\Microsoft\WindowsApps;C:\Users\jedrz\AppData\Local\GitHubDesktop\bin;C:\PragmaDev\Studio\bin;C:\PragmaDev\Studio\share\3rdparty\MinGW\bin;C:\PragmaDev\Studio\bin;C:\PragmaDev\Studio\share\3rdparty\MinGW\bin;C:\PragmaDev\Studio\bin;C:\PragmaDev\Studio\share\3rdparty\MinGW\bin;C:\PragmaDev\Studio\bin;C:\PragmaDev\Studio\share\3rdparty\MinGW\bin;C:\PragmaDev\Studio\bin;C:\PragmaDev\Studio\share\3rdparty\MinGW\bin;C:\PragmaDev\Studio\bin;C:\PragmaDev\Studio\share\3rdparty\MinGW\bin;C:\Users\jedrz\AppData\Local\Programs\Microsoft VS Code\bin;C:\Users\jedrz\AppData\Roaming\npm;."/>
    <property name="java.vendor" value="Oracle Corporation"/>
    <property name="java.vm.info" value="mixed mode"/>
    <property name="java.vm.version" value="11.0.17+10-LTS-269"/>
    <property name="sun.io.unicode.encoding" value="UnicodeLittle"/>
    <property name="java.class.version" value="55.0"/>
  </properties>
  <testcase name="getMyPosts" classname="com.example.serwis.controller.PostControllerTest" time="0.376">
    <error message="Request processing failed; nested exception is java.lang.NullPointerException" type="org.springframework.web.util.NestedServletException">org.springframework.web.util.NestedServletException: Request processing failed; nested exception is java.lang.NullPointerException
	at com.example.serwis.controller.PostControllerTest.getMyPosts(PostControllerTest.java:94)
Caused by: java.lang.NullPointerException
	at com.example.serwis.controller.PostControllerTest.getMyPosts(PostControllerTest.java:94)
</error>
    <system-out><![CDATA[01:11:33.855 [main] DEBUG org.springframework.test.context.BootstrapUtils - Instantiating CacheAwareContextLoaderDelegate from class [org.springframework.test.context.cache.DefaultCacheAwareContextLoaderDelegate]
01:11:33.871 [main] DEBUG org.springframework.test.context.BootstrapUtils - Instantiating BootstrapContext using constructor [public org.springframework.test.context.support.DefaultBootstrapContext(java.lang.Class,org.springframework.test.context.CacheAwareContextLoaderDelegate)]
01:11:33.902 [main] DEBUG org.springframework.test.context.BootstrapUtils - Instantiating TestContextBootstrapper for test class [com.example.serwis.controller.PostControllerTest] from class [org.springframework.boot.test.context.SpringBootTestContextBootstrapper]
01:11:33.902 [main] INFO org.springframework.boot.test.context.SpringBootTestContextBootstrapper - Neither @ContextConfiguration nor @ContextHierarchy found for test class [com.example.serwis.controller.PostControllerTest], using SpringBootContextLoader
01:11:33.918 [main] DEBUG org.springframework.test.context.support.AbstractContextLoader - Did not detect default resource location for test class [com.example.serwis.controller.PostControllerTest]: class path resource [com/example/serwis/controller/PostControllerTest-context.xml] does not exist
01:11:33.918 [main] DEBUG org.springframework.test.context.support.AbstractContextLoader - Did not detect default resource location for test class [com.example.serwis.controller.PostControllerTest]: class path resource [com/example/serwis/controller/PostControllerTestContext.groovy] does not exist
01:11:33.918 [main] INFO org.springframework.test.context.support.AbstractContextLoader - Could not detect default resource locations for test class [com.example.serwis.controller.PostControllerTest]: no resource found for suffixes {-context.xml, Context.groovy}.
01:11:33.918 [main] INFO org.springframework.test.context.support.AnnotationConfigContextLoaderUtils - Could not detect default configuration classes for test class [com.example.serwis.controller.PostControllerTest]: PostControllerTest does not declare any static, non-private, non-final, nested classes annotated with @Configuration.
01:11:33.965 [main] DEBUG org.springframework.test.context.support.ActiveProfilesUtils - Could not find an 'annotation declaring class' for annotation type [org.springframework.test.context.ActiveProfiles] and class [com.example.serwis.controller.PostControllerTest]
01:11:34.043 [main] DEBUG org.springframework.context.annotation.ClassPathScanningCandidateComponentProvider - Identified candidate component class: file [C:\Users\jedrz\IdeaProjects\projekt\serwis\target\classes\com\example\serwis\SerwisApplication.class]
01:11:34.043 [main] INFO org.springframework.boot.test.context.SpringBootTestContextBootstrapper - Found @SpringBootConfiguration com.example.serwis.SerwisApplication for test class com.example.serwis.controller.PostControllerTest
01:11:34.152 [main] DEBUG org.springframework.boot.test.context.SpringBootTestContextBootstrapper - @TestExecutionListeners is not present for class [com.example.serwis.controller.PostControllerTest]: using defaults.
01:11:34.152 [main] INFO org.springframework.boot.test.context.SpringBootTestContextBootstrapper - Loaded default TestExecutionListener class names from location [META-INF/spring.factories]: [org.springframework.security.test.context.support.WithSecurityContextTestExecutionListener, org.springframework.security.test.context.support.ReactorContextTestExecutionListener, org.springframework.test.context.web.ServletTestExecutionListener, org.springframework.test.context.support.DirtiesContextBeforeModesTestExecutionListener, org.springframework.test.context.event.ApplicationEventsTestExecutionListener, org.springframework.test.context.support.DependencyInjectionTestExecutionListener, org.springframework.test.context.support.DirtiesContextTestExecutionListener, org.springframework.test.context.transaction.TransactionalTestExecutionListener, org.springframework.test.context.jdbc.SqlScriptsTestExecutionListener, org.springframework.test.context.event.EventPublishingTestExecutionListener, org.springframework.boot.test.mock.mockito.MockitoTestExecutionListener, org.springframework.boot.test.mock.mockito.ResetMocksTestExecutionListener, org.springframework.boot.test.autoconfigure.restdocs.RestDocsTestExecutionListener, org.springframework.boot.test.autoconfigure.web.client.MockRestServiceServerResetTestExecutionListener, org.springframework.boot.test.autoconfigure.web.servlet.MockMvcPrintOnlyOnFailureTestExecutionListener, org.springframework.boot.test.autoconfigure.web.servlet.WebDriverTestExecutionListener, org.springframework.boot.test.autoconfigure.webservices.client.MockWebServiceServerTestExecutionListener]
01:11:34.183 [main] INFO org.springframework.boot.test.context.SpringBootTestContextBootstrapper - Using TestExecutionListeners: [org.springframework.test.context.web.ServletTestExecutionListener@495083a0, org.springframework.test.context.support.DirtiesContextBeforeModesTestExecutionListener@5fd62371, org.springframework.test.context.event.ApplicationEventsTestExecutionListener@28a0fd6c, org.springframework.boot.test.mock.mockito.MockitoTestExecutionListener@2b62442c, org.springframework.boot.test.autoconfigure.SpringBootDependencyInjectionTestExecutionListener@66629f63, org.springframework.test.context.support.DirtiesContextTestExecutionListener@841e575, org.springframework.test.context.transaction.TransactionalTestExecutionListener@27a5328c, org.springframework.test.context.jdbc.SqlScriptsTestExecutionListener@1e5f4170, org.springframework.security.test.context.support.WithSecurityContextTestExecutionListener@6c345c5f, org.springframework.test.context.event.EventPublishingTestExecutionListener@6b5966e1, org.springframework.security.test.context.support.ReactorContextTestExecutionListener@65e61854, org.springframework.boot.test.mock.mockito.ResetMocksTestExecutionListener@1568159, org.springframework.boot.test.autoconfigure.restdocs.RestDocsTestExecutionListener@4fcee388, org.springframework.boot.test.autoconfigure.web.client.MockRestServiceServerResetTestExecutionListener@6f80fafe, org.springframework.boot.test.autoconfigure.web.servlet.MockMvcPrintOnlyOnFailureTestExecutionListener@3af17be2, org.springframework.boot.test.autoconfigure.web.servlet.WebDriverTestExecutionListener@f9879ac, org.springframework.boot.test.autoconfigure.webservices.client.MockWebServiceServerTestExecutionListener@37f21974]
01:11:34.183 [main] DEBUG org.springframework.test.context.support.AbstractDirtiesContextTestExecutionListener - Before test class: context [DefaultTestContext@4b6579e8 testClass = PostControllerTest, testInstance = [null], testMethod = [null], testException = [null], mergedContextConfiguration = [WebMergedContextConfiguration@6fff253c testClass = PostControllerTest, locations = '{}', classes = '{class com.example.serwis.SerwisApplication}', contextInitializerClasses = '[]', activeProfiles = '{}', propertySourceLocations = '{}', propertySourceProperties = '{org.springframework.boot.test.context.SpringBootTestContextBootstrapper=true}', contextCustomizers = set[[ImportsContextCustomizer@6c6357f9 key = [org.springframework.boot.test.autoconfigure.web.servlet.MockMvcAutoConfiguration, org.springframework.boot.test.autoconfigure.web.servlet.MockMvcWebClientAutoConfiguration, org.springframework.boot.test.autoconfigure.web.servlet.MockMvcWebDriverAutoConfiguration, org.springframework.boot.autoconfigure.security.oauth2.client.servlet.OAuth2ClientAutoConfiguration, org.springframework.boot.autoconfigure.security.oauth2.resource.servlet.OAuth2ResourceServerAutoConfiguration, org.springframework.boot.autoconfigure.security.servlet.SecurityAutoConfiguration, org.springframework.boot.autoconfigure.security.servlet.SecurityFilterAutoConfiguration, org.springframework.boot.autoconfigure.security.servlet.UserDetailsServiceAutoConfiguration, org.springframework.boot.test.autoconfigure.web.servlet.MockMvcSecurityConfiguration, org.springframework.boot.test.autoconfigure.web.reactive.WebTestClientAutoConfiguration]], org.springframework.boot.test.context.filter.ExcludeFilterContextCustomizer@58be6e8, org.springframework.boot.test.json.DuplicateJsonObjectContextCustomizerFactory$DuplicateJsonObjectContextCustomizer@2bd08376, org.springframework.boot.test.mock.mockito.MockitoContextCustomizer@0, org.springframework.boot.test.web.client.TestRestTemplateContextCustomizer@6f63b475, org.springframework.boot.test.autoconfigure.actuate.metrics.MetricsExportContextCustomizerFactory$DisableMetricExportContextCustomizer@6b88ca8c, org.springframework.boot.test.autoconfigure.properties.PropertyMappingContextCustomizer@4b3fa0b3, org.springframework.boot.test.autoconfigure.web.servlet.WebDriverContextCustomizerFactory$Customizer@4ed5eb72, org.springframework.boot.test.context.SpringBootTestArgs@1, org.springframework.boot.test.context.SpringBootTestWebEnvironment@55182842], resourceBasePath = 'src/main/webapp', contextLoader = 'org.springframework.boot.test.context.SpringBootContextLoader', parent = [null]], attributes = map['org.springframework.test.context.web.ServletTestExecutionListener.activateListener' -> true]], class annotated with @DirtiesContext [false] with mode [null].

  .   ____          _            __ _ _
 /\\ / ___'_ __ _ _(_)_ __  __ _ \ \ \ \
( ( )\___ | '_ | '_| | '_ \/ _` | \ \ \ \
 \\/  ___)| |_)| | | | | || (_| |  ) ) ) )
  '  |____| .__|_| |_|_| |_\__, | / / / /
 =========|_|==============|___/=/_/_/_/
 :: Spring Boot ::                (v2.7.3)

2023-03-16 01:11:34.496  INFO 6152 --- [           main] c.e.s.controller.PostControllerTest      : Starting PostControllerTest using Java 11.0.17 on DESKTOP-IN9IK56 with PID 6152 (started by jedras in C:\Users\jedrz\IdeaProjects\projekt\serwis)
2023-03-16 01:11:34.496  INFO 6152 --- [           main] c.e.s.controller.PostControllerTest      : No active profile set, falling back to 1 default profile: "default"
2023-03-16 01:11:35.146  INFO 6152 --- [           main] .s.d.r.c.RepositoryConfigurationDelegate : Bootstrapping Spring Data JPA repositories in DEFAULT mode.
2023-03-16 01:11:35.224  INFO 6152 --- [           main] .s.d.r.c.RepositoryConfigurationDelegate : Finished Spring Data repository scanning in 65 ms. Found 6 JPA repository interfaces.
2023-03-16 01:11:35.703  INFO 6152 --- [           main] com.zaxxer.hikari.HikariDataSource       : HikariPool-1 - Starting...
2023-03-16 01:11:36.643  INFO 6152 --- [           main] com.zaxxer.hikari.HikariDataSource       : HikariPool-1 - Start completed.
2023-03-16 01:11:36.690  INFO 6152 --- [           main] o.hibernate.jpa.internal.util.LogHelper  : HHH000204: Processing PersistenceUnitInfo [name: default]
2023-03-16 01:11:36.768  INFO 6152 --- [           main] org.hibernate.Version                    : HHH000412: Hibernate ORM core version 5.6.10.Final
2023-03-16 01:11:36.940  INFO 6152 --- [           main] o.hibernate.annotations.common.Version   : HCANN000001: Hibernate Commons Annotations {5.1.2.Final}
2023-03-16 01:11:37.097  INFO 6152 --- [           main] org.hibernate.dialect.Dialect            : HHH000400: Using dialect: org.hibernate.dialect.MySQL8Dialect
2023-03-16 01:11:37.661  INFO 6152 --- [           main] o.h.e.t.j.p.i.JtaPlatformInitiator       : HHH000490: Using JtaPlatform implementation: [org.hibernate.engine.transaction.jta.platform.internal.NoJtaPlatform]
2023-03-16 01:11:37.676  INFO 6152 --- [           main] j.LocalContainerEntityManagerFactoryBean : Initialized JPA EntityManagerFactory for persistence unit 'default'
2023-03-16 01:11:38.129  WARN 6152 --- [           main] JpaBaseConfiguration$JpaWebConfiguration : spring.jpa.open-in-view is enabled by default. Therefore, database queries may be performed during view rendering. Explicitly configure spring.jpa.open-in-view to disable this warning
2023-03-16 01:11:38.864  INFO 6152 --- [           main] o.s.s.web.DefaultSecurityFilterChain     : Will secure any request with [org.springframework.security.web.session.DisableEncodeUrlFilter@737ae41a, org.springframework.security.web.context.request.async.WebAsyncManagerIntegrationFilter@7a05cdc8, org.springframework.security.web.context.SecurityContextPersistenceFilter@434a2a10, org.springframework.security.web.header.HeaderWriterFilter@1f3f0d25, org.springframework.web.filter.CorsFilter@5f3fafca, org.springframework.security.web.authentication.logout.LogoutFilter@30ce78e3, com.example.serwis.JwtAuthorizationFilter@174aabb2, org.springframework.security.web.savedrequest.RequestCacheAwareFilter@4fe9fb65, org.springframework.security.web.servletapi.SecurityContextHolderAwareRequestFilter@25b87e1b, org.springframework.security.web.authentication.AnonymousAuthenticationFilter@33b4c775, org.springframework.security.web.session.SessionManagementFilter@45e68fac, org.springframework.security.web.access.ExceptionTranslationFilter@4a5c6b30, org.springframework.security.web.access.intercept.FilterSecurityInterceptor@28d728f1]
2023-03-16 01:11:39.505  INFO 6152 --- [           main] o.s.b.t.m.w.SpringBootMockServletContext : Initializing Spring TestDispatcherServlet ''
2023-03-16 01:11:39.505  INFO 6152 --- [           main] o.s.t.web.servlet.TestDispatcherServlet  : Initializing Servlet ''
2023-03-16 01:11:39.505  INFO 6152 --- [           main] o.s.t.web.servlet.TestDispatcherServlet  : Completed initialization in 0 ms
2023-03-16 01:11:39.521  INFO 6152 --- [           main] c.e.s.controller.PostControllerTest      : Started PostControllerTest in 5.312 seconds (JVM running for 18.354)
]]></system-out>
  </testcase>
  <testcase name="addComment" classname="com.example.serwis.controller.PostControllerTest" time="0.138">
    <error message="Request processing failed; nested exception is java.lang.NullPointerException" type="org.springframework.web.util.NestedServletException">org.springframework.web.util.NestedServletException: Request processing failed; nested exception is java.lang.NullPointerException
	at com.example.serwis.controller.PostControllerTest.addComment(PostControllerTest.java:135)
Caused by: java.lang.NullPointerException
	at com.example.serwis.controller.PostControllerTest.addComment(PostControllerTest.java:135)
</error>
    <system-out><![CDATA[2023-03-16 01:11:39.960  INFO 6152 --- [           main] o.s.t.c.transaction.TransactionContext   : Began transaction (1) for test context [DefaultTestContext@4b6579e8 testClass = PostControllerTest, testInstance = com.example.serwis.controller.PostControllerTest@3612a60d, testMethod = addComment@PostControllerTest, testException = [null], mergedContextConfiguration = [WebMergedContextConfiguration@6fff253c testClass = PostControllerTest, locations = '{}', classes = '{class com.example.serwis.SerwisApplication}', contextInitializerClasses = '[]', activeProfiles = '{}', propertySourceLocations = '{}', propertySourceProperties = '{org.springframework.boot.test.context.SpringBootTestContextBootstrapper=true}', contextCustomizers = set[[ImportsContextCustomizer@6c6357f9 key = [org.springframework.boot.test.autoconfigure.web.servlet.MockMvcAutoConfiguration, org.springframework.boot.test.autoconfigure.web.servlet.MockMvcWebClientAutoConfiguration, org.springframework.boot.test.autoconfigure.web.servlet.MockMvcWebDriverAutoConfiguration, org.springframework.boot.autoconfigure.security.oauth2.client.servlet.OAuth2ClientAutoConfiguration, org.springframework.boot.autoconfigure.security.oauth2.resource.servlet.OAuth2ResourceServerAutoConfiguration, org.springframework.boot.autoconfigure.security.servlet.SecurityAutoConfiguration, org.springframework.boot.autoconfigure.security.servlet.SecurityFilterAutoConfiguration, org.springframework.boot.autoconfigure.security.servlet.UserDetailsServiceAutoConfiguration, org.springframework.boot.test.autoconfigure.web.servlet.MockMvcSecurityConfiguration, org.springframework.boot.test.autoconfigure.web.reactive.WebTestClientAutoConfiguration]], org.springframework.boot.test.context.filter.ExcludeFilterContextCustomizer@58be6e8, org.springframework.boot.test.json.DuplicateJsonObjectContextCustomizerFactory$DuplicateJsonObjectContextCustomizer@2bd08376, org.springframework.boot.test.mock.mockito.MockitoContextCustomizer@0, org.springframework.boot.test.web.client.TestRestTemplateContextCustomizer@6f63b475, org.springframework.boot.test.autoconfigure.actuate.metrics.MetricsExportContextCustomizerFactory$DisableMetricExportContextCustomizer@6b88ca8c, org.springframework.boot.test.autoconfigure.properties.PropertyMappingContextCustomizer@4b3fa0b3, org.springframework.boot.test.autoconfigure.web.servlet.WebDriverContextCustomizerFactory$Customizer@4ed5eb72, org.springframework.boot.test.context.SpringBootTestArgs@1, org.springframework.boot.test.context.SpringBootTestWebEnvironment@55182842], resourceBasePath = 'src/main/webapp', contextLoader = 'org.springframework.boot.test.context.SpringBootContextLoader', parent = [null]], attributes = map['org.springframework.test.context.web.ServletTestExecutionListener.activateListener' -> true, 'org.springframework.test.context.web.ServletTestExecutionListener.populatedRequestContextHolder' -> true, 'org.springframework.test.context.web.ServletTestExecutionListener.resetRequestContextHolder' -> true, 'org.springframework.test.context.event.ApplicationEventsTestExecutionListener.recordApplicationEvents' -> false]]; transaction manager [org.springframework.orm.jpa.JpaTransactionManager@b9c8678]; rollback [true]
2023-03-16 01:11:40.066  INFO 6152 --- [           main] o.s.t.c.transaction.TransactionContext   : Rolled back transaction for test: [DefaultTestContext@4b6579e8 testClass = PostControllerTest, testInstance = com.example.serwis.controller.PostControllerTest@3612a60d, testMethod = addComment@PostControllerTest, testException = org.springframework.web.util.NestedServletException: Request processing failed; nested exception is java.lang.NullPointerException, mergedContextConfiguration = [WebMergedContextConfiguration@6fff253c testClass = PostControllerTest, locations = '{}', classes = '{class com.example.serwis.SerwisApplication}', contextInitializerClasses = '[]', activeProfiles = '{}', propertySourceLocations = '{}', propertySourceProperties = '{org.springframework.boot.test.context.SpringBootTestContextBootstrapper=true}', contextCustomizers = set[[ImportsContextCustomizer@6c6357f9 key = [org.springframework.boot.test.autoconfigure.web.servlet.MockMvcAutoConfiguration, org.springframework.boot.test.autoconfigure.web.servlet.MockMvcWebClientAutoConfiguration, org.springframework.boot.test.autoconfigure.web.servlet.MockMvcWebDriverAutoConfiguration, org.springframework.boot.autoconfigure.security.oauth2.client.servlet.OAuth2ClientAutoConfiguration, org.springframework.boot.autoconfigure.security.oauth2.resource.servlet.OAuth2ResourceServerAutoConfiguration, org.springframework.boot.autoconfigure.security.servlet.SecurityAutoConfiguration, org.springframework.boot.autoconfigure.security.servlet.SecurityFilterAutoConfiguration, org.springframework.boot.autoconfigure.security.servlet.UserDetailsServiceAutoConfiguration, org.springframework.boot.test.autoconfigure.web.servlet.MockMvcSecurityConfiguration, org.springframework.boot.test.autoconfigure.web.reactive.WebTestClientAutoConfiguration]], org.springframework.boot.test.context.filter.ExcludeFilterContextCustomizer@58be6e8, org.springframework.boot.test.json.DuplicateJsonObjectContextCustomizerFactory$DuplicateJsonObjectContextCustomizer@2bd08376, org.springframework.boot.test.mock.mockito.MockitoContextCustomizer@0, org.springframework.boot.test.web.client.TestRestTemplateContextCustomizer@6f63b475, org.springframework.boot.test.autoconfigure.actuate.metrics.MetricsExportContextCustomizerFactory$DisableMetricExportContextCustomizer@6b88ca8c, org.springframework.boot.test.autoconfigure.properties.PropertyMappingContextCustomizer@4b3fa0b3, org.springframework.boot.test.autoconfigure.web.servlet.WebDriverContextCustomizerFactory$Customizer@4ed5eb72, org.springframework.boot.test.context.SpringBootTestArgs@1, org.springframework.boot.test.context.SpringBootTestWebEnvironment@55182842], resourceBasePath = 'src/main/webapp', contextLoader = 'org.springframework.boot.test.context.SpringBootContextLoader', parent = [null]], attributes = map['org.springframework.test.context.web.ServletTestExecutionListener.activateListener' -> true, 'org.springframework.test.context.web.ServletTestExecutionListener.populatedRequestContextHolder' -> true, 'org.springframework.test.context.web.ServletTestExecutionListener.resetRequestContextHolder' -> true, 'org.springframework.test.context.event.ApplicationEventsTestExecutionListener.recordApplicationEvents' -> false]]
]]></system-out>
  </testcase>
  <testcase name="addPost" classname="com.example.serwis.controller.PostControllerTest" time="0.14">
    <error message="Request processing failed; nested exception is java.lang.NullPointerException" type="org.springframework.web.util.NestedServletException">org.springframework.web.util.NestedServletException: Request processing failed; nested exception is java.lang.NullPointerException
	at com.example.serwis.controller.PostControllerTest.addPost(PostControllerTest.java:56)
Caused by: java.lang.NullPointerException
	at com.example.serwis.controller.PostControllerTest.addPost(PostControllerTest.java:56)
</error>
    <system-out><![CDATA[2023-03-16 01:11:40.107  INFO 6152 --- [           main] o.s.t.c.transaction.TransactionContext   : Began transaction (1) for test context [DefaultTestContext@4b6579e8 testClass = PostControllerTest, testInstance = com.example.serwis.controller.PostControllerTest@361a1e86, testMethod = addPost@PostControllerTest, testException = [null], mergedContextConfiguration = [WebMergedContextConfiguration@6fff253c testClass = PostControllerTest, locations = '{}', classes = '{class com.example.serwis.SerwisApplication}', contextInitializerClasses = '[]', activeProfiles = '{}', propertySourceLocations = '{}', propertySourceProperties = '{org.springframework.boot.test.context.SpringBootTestContextBootstrapper=true}', contextCustomizers = set[[ImportsContextCustomizer@6c6357f9 key = [org.springframework.boot.test.autoconfigure.web.servlet.MockMvcAutoConfiguration, org.springframework.boot.test.autoconfigure.web.servlet.MockMvcWebClientAutoConfiguration, org.springframework.boot.test.autoconfigure.web.servlet.MockMvcWebDriverAutoConfiguration, org.springframework.boot.autoconfigure.security.oauth2.client.servlet.OAuth2ClientAutoConfiguration, org.springframework.boot.autoconfigure.security.oauth2.resource.servlet.OAuth2ResourceServerAutoConfiguration, org.springframework.boot.autoconfigure.security.servlet.SecurityAutoConfiguration, org.springframework.boot.autoconfigure.security.servlet.SecurityFilterAutoConfiguration, org.springframework.boot.autoconfigure.security.servlet.UserDetailsServiceAutoConfiguration, org.springframework.boot.test.autoconfigure.web.servlet.MockMvcSecurityConfiguration, org.springframework.boot.test.autoconfigure.web.reactive.WebTestClientAutoConfiguration]], org.springframework.boot.test.context.filter.ExcludeFilterContextCustomizer@58be6e8, org.springframework.boot.test.json.DuplicateJsonObjectContextCustomizerFactory$DuplicateJsonObjectContextCustomizer@2bd08376, org.springframework.boot.test.mock.mockito.MockitoContextCustomizer@0, org.springframework.boot.test.web.client.TestRestTemplateContextCustomizer@6f63b475, org.springframework.boot.test.autoconfigure.actuate.metrics.MetricsExportContextCustomizerFactory$DisableMetricExportContextCustomizer@6b88ca8c, org.springframework.boot.test.autoconfigure.properties.PropertyMappingContextCustomizer@4b3fa0b3, org.springframework.boot.test.autoconfigure.web.servlet.WebDriverContextCustomizerFactory$Customizer@4ed5eb72, org.springframework.boot.test.context.SpringBootTestArgs@1, org.springframework.boot.test.context.SpringBootTestWebEnvironment@55182842], resourceBasePath = 'src/main/webapp', contextLoader = 'org.springframework.boot.test.context.SpringBootContextLoader', parent = [null]], attributes = map['org.springframework.test.context.web.ServletTestExecutionListener.activateListener' -> true, 'org.springframework.test.context.web.ServletTestExecutionListener.populatedRequestContextHolder' -> true, 'org.springframework.test.context.web.ServletTestExecutionListener.resetRequestContextHolder' -> true, 'org.springframework.test.context.event.ApplicationEventsTestExecutionListener.recordApplicationEvents' -> false]]; transaction manager [org.springframework.orm.jpa.JpaTransactionManager@b9c8678]; rollback [true]
2023-03-16 01:11:40.190  INFO 6152 --- [           main] o.s.t.c.transaction.TransactionContext   : Rolled back transaction for test: [DefaultTestContext@4b6579e8 testClass = PostControllerTest, testInstance = com.example.serwis.controller.PostControllerTest@361a1e86, testMethod = addPost@PostControllerTest, testException = org.springframework.web.util.NestedServletException: Request processing failed; nested exception is java.lang.NullPointerException, mergedContextConfiguration = [WebMergedContextConfiguration@6fff253c testClass = PostControllerTest, locations = '{}', classes = '{class com.example.serwis.SerwisApplication}', contextInitializerClasses = '[]', activeProfiles = '{}', propertySourceLocations = '{}', propertySourceProperties = '{org.springframework.boot.test.context.SpringBootTestContextBootstrapper=true}', contextCustomizers = set[[ImportsContextCustomizer@6c6357f9 key = [org.springframework.boot.test.autoconfigure.web.servlet.MockMvcAutoConfiguration, org.springframework.boot.test.autoconfigure.web.servlet.MockMvcWebClientAutoConfiguration, org.springframework.boot.test.autoconfigure.web.servlet.MockMvcWebDriverAutoConfiguration, org.springframework.boot.autoconfigure.security.oauth2.client.servlet.OAuth2ClientAutoConfiguration, org.springframework.boot.autoconfigure.security.oauth2.resource.servlet.OAuth2ResourceServerAutoConfiguration, org.springframework.boot.autoconfigure.security.servlet.SecurityAutoConfiguration, org.springframework.boot.autoconfigure.security.servlet.SecurityFilterAutoConfiguration, org.springframework.boot.autoconfigure.security.servlet.UserDetailsServiceAutoConfiguration, org.springframework.boot.test.autoconfigure.web.servlet.MockMvcSecurityConfiguration, org.springframework.boot.test.autoconfigure.web.reactive.WebTestClientAutoConfiguration]], org.springframework.boot.test.context.filter.ExcludeFilterContextCustomizer@58be6e8, org.springframework.boot.test.json.DuplicateJsonObjectContextCustomizerFactory$DuplicateJsonObjectContextCustomizer@2bd08376, org.springframework.boot.test.mock.mockito.MockitoContextCustomizer@0, org.springframework.boot.test.web.client.TestRestTemplateContextCustomizer@6f63b475, org.springframework.boot.test.autoconfigure.actuate.metrics.MetricsExportContextCustomizerFactory$DisableMetricExportContextCustomizer@6b88ca8c, org.springframework.boot.test.autoconfigure.properties.PropertyMappingContextCustomizer@4b3fa0b3, org.springframework.boot.test.autoconfigure.web.servlet.WebDriverContextCustomizerFactory$Customizer@4ed5eb72, org.springframework.boot.test.context.SpringBootTestArgs@1, org.springframework.boot.test.context.SpringBootTestWebEnvironment@55182842], resourceBasePath = 'src/main/webapp', contextLoader = 'org.springframework.boot.test.context.SpringBootContextLoader', parent = [null]], attributes = map['org.springframework.test.context.web.ServletTestExecutionListener.activateListener' -> true, 'org.springframework.test.context.web.ServletTestExecutionListener.populatedRequestContextHolder' -> true, 'org.springframework.test.context.web.ServletTestExecutionListener.resetRequestContextHolder' -> true, 'org.springframework.test.context.event.ApplicationEventsTestExecutionListener.recordApplicationEvents' -> false]]
]]></system-out>
  </testcase>
  <testcase name="getLikedPosts" classname="com.example.serwis.controller.PostControllerTest" time="0.031">
    <error message="Request processing failed; nested exception is java.lang.NullPointerException" type="org.springframework.web.util.NestedServletException">org.springframework.web.util.NestedServletException: Request processing failed; nested exception is java.lang.NullPointerException
	at com.example.serwis.controller.PostControllerTest.getLikedPosts(PostControllerTest.java:123)
Caused by: java.lang.NullPointerException
	at com.example.serwis.controller.PostControllerTest.getLikedPosts(PostControllerTest.java:123)
</error>
  </testcase>
  <testcase name="searchPosts" classname="com.example.serwis.controller.PostControllerTest" time="0.031">
    <error message="Request processing failed; nested exception is java.lang.NullPointerException" type="org.springframework.web.util.NestedServletException">org.springframework.web.util.NestedServletException: Request processing failed; nested exception is java.lang.NullPointerException
	at com.example.serwis.controller.PostControllerTest.searchPosts(PostControllerTest.java:64)
Caused by: java.lang.NullPointerException
	at com.example.serwis.controller.PostControllerTest.searchPosts(PostControllerTest.java:64)
</error>
  </testcase>
  <testcase name="getPost" classname="com.example.serwis.controller.PostControllerTest" time="0.031">
    <error message="Request processing failed; nested exception is java.lang.NullPointerException" type="org.springframework.web.util.NestedServletException">org.springframework.web.util.NestedServletException: Request processing failed; nested exception is java.lang.NullPointerException
	at com.example.serwis.controller.PostControllerTest.getPost(PostControllerTest.java:84)
Caused by: java.lang.NullPointerException
	at com.example.serwis.controller.PostControllerTest.getPost(PostControllerTest.java:84)
</error>
  </testcase>
  <testcase name="shouldDeletePost" classname="com.example.serwis.controller.PostControllerTest" time="0.339"/>
  <testcase name="getUserPosts" classname="com.example.serwis.controller.PostControllerTest" time="0.031">
    <error message="Request processing failed; nested exception is java.lang.NullPointerException" type="org.springframework.web.util.NestedServletException">org.springframework.web.util.NestedServletException: Request processing failed; nested exception is java.lang.NullPointerException
	at com.example.serwis.controller.PostControllerTest.getUserPosts(PostControllerTest.java:113)
Caused by: java.lang.NullPointerException
	at com.example.serwis.controller.PostControllerTest.getUserPosts(PostControllerTest.java:113)
</error>
  </testcase>
  <testcase name="getPosts" classname="com.example.serwis.controller.PostControllerTest" time="0.047">
    <error message="Request processing failed; nested exception is java.lang.NullPointerException" type="org.springframework.web.util.NestedServletException">org.springframework.web.util.NestedServletException: Request processing failed; nested exception is java.lang.NullPointerException
	at com.example.serwis.controller.PostControllerTest.getPosts(PostControllerTest.java:45)
Caused by: java.lang.NullPointerException
	at com.example.serwis.controller.PostControllerTest.getPosts(PostControllerTest.java:45)
</error>
  </testcase>
  <testcase name="getFollowedUsersPosts" classname="com.example.serwis.controller.PostControllerTest" time="0.031">
    <error message="Request processing failed; nested exception is java.lang.NullPointerException" type="org.springframework.web.util.NestedServletException">org.springframework.web.util.NestedServletException: Request processing failed; nested exception is java.lang.NullPointerException
	at com.example.serwis.controller.PostControllerTest.getFollowedUsersPosts(PostControllerTest.java:74)
Caused by: java.lang.NullPointerException
	at com.example.serwis.controller.PostControllerTest.getFollowedUsersPosts(PostControllerTest.java:74)
</error>
  </testcase>
</testsuite>