<?xml version="1.0" encoding="UTF-8"?>
<testsuite xmlns:xsi="http://www.w3.org/2001/XMLSchema-instance" xsi:noNamespaceSchemaLocation="https://maven.apache.org/surefire/maven-surefire-plugin/xsd/surefire-test-report.xsd" name="com.example.serwis.controller.ReactionControllerTest" time="0.22" tests="2" errors="2" skipped="0" failures="0">
  <properties>
    <property name="sun.desktop" value="windows"/>
    <property name="awt.toolkit" value="sun.awt.windows.WToolkit"/>
    <property name="java.specification.version" value="11"/>
    <property name="sun.cpu.isalist" value="amd64"/>
    <property name="sun.jnu.encoding" value="Cp1250"/>
    <property name="java.class.path" value="C:\Users\jedrz\IdeaProjects\projekt\serwis\target\test-classes;C:\Users\jedrz\IdeaProjects\projekt\serwis\target\classes;C:\Users\jedrz\.m2\repository\com\auth0\java-jwt\4.2.1\java-jwt-4.2.1.jar;C:\Users\jedrz\.m2\repository\com\fasterxml\jackson\core\jackson-databind\2.13.3\jackson-databind-2.13.3.jar;C:\Users\jedrz\.m2\repository\com\fasterxml\jackson\core\jackson-annotations\2.13.3\jackson-annotations-2.13.3.jar;C:\Users\jedrz\.m2\repository\com\fasterxml\jackson\core\jackson-core\2.13.3\jackson-core-2.13.3.jar;C:\Users\jedrz\.m2\repository\com\amazonaws\aws-java-sdk\1.11.106\aws-java-sdk-1.11.106.jar;C:\Users\jedrz\.m2\repository\com\amazonaws\aws-java-sdk-pinpoint\1.11.106\aws-java-sdk-pinpoint-1.11.106.jar;C:\Users\jedrz\.m2\repository\com\amazonaws\jmespath-java\1.11.106\jmespath-java-1.11.106.jar;C:\Users\jedrz\.m2\repository\com\amazonaws\aws-java-sdk-xray\1.11.106\aws-java-sdk-xray-1.11.106.jar;C:\Users\jedrz\.m2\repository\com\amazonaws\aws-java-sdk-opsworkscm\1.11.106\aws-java-sdk-opsworkscm-1.11.106.jar;C:\Users\jedrz\.m2\repository\com\amazonaws\aws-java-sdk-support\1.11.106\aws-java-sdk-support-1.11.106.jar;C:\Users\jedrz\.m2\repository\com\amazonaws\aws-java-sdk-simpledb\1.11.106\aws-java-sdk-simpledb-1.11.106.jar;C:\Users\jedrz\.m2\repository\com\amazonaws\aws-java-sdk-servicecatalog\1.11.106\aws-java-sdk-servicecatalog-1.11.106.jar;C:\Users\jedrz\.m2\repository\com\amazonaws\aws-java-sdk-servermigration\1.11.106\aws-java-sdk-servermigration-1.11.106.jar;C:\Users\jedrz\.m2\repository\com\amazonaws\aws-java-sdk-simpleworkflow\1.11.106\aws-java-sdk-simpleworkflow-1.11.106.jar;C:\Users\jedrz\.m2\repository\com\amazonaws\aws-java-sdk-storagegateway\1.11.106\aws-java-sdk-storagegateway-1.11.106.jar;C:\Users\jedrz\.m2\repository\com\amazonaws\aws-java-sdk-route53\1.11.106\aws-java-sdk-route53-1.11.106.jar;C:\Users\jedrz\.m2\repository\com\amazonaws\aws-java-sdk-s3\1.11.106\aws-java-sdk-s3-1.11.106.jar;C:\Users\jedrz\.m2\repository\com\amazonaws\aws-java-sdk-importexport\1.11.106\aws-java-sdk-importexport-1.11.106.jar;C:\Users\jedrz\.m2\repository\com\amazonaws\aws-java-sdk-sts\1.11.106\aws-java-sdk-sts-1.11.106.jar;C:\Users\jedrz\.m2\repository\com\amazonaws\aws-java-sdk-sqs\1.11.106\aws-java-sdk-sqs-1.11.106.jar;C:\Users\jedrz\.m2\repository\com\amazonaws\aws-java-sdk-rds\1.11.106\aws-java-sdk-rds-1.11.106.jar;C:\Users\jedrz\.m2\repository\com\amazonaws\aws-java-sdk-redshift\1.11.106\aws-java-sdk-redshift-1.11.106.jar;C:\Users\jedrz\.m2\repository\com\amazonaws\aws-java-sdk-elasticbeanstalk\1.11.106\aws-java-sdk-elasticbeanstalk-1.11.106.jar;C:\Users\jedrz\.m2\repository\com\amazonaws\aws-java-sdk-glacier\1.11.106\aws-java-sdk-glacier-1.11.106.jar;C:\Users\jedrz\.m2\repository\com\amazonaws\aws-java-sdk-iam\1.11.106\aws-java-sdk-iam-1.11.106.jar;C:\Users\jedrz\.m2\repository\com\amazonaws\aws-java-sdk-datapipeline\1.11.106\aws-java-sdk-datapipeline-1.11.106.jar;C:\Users\jedrz\.m2\repository\com\amazonaws\aws-java-sdk-elasticloadbalancing\1.11.106\aws-java-sdk-elasticloadbalancing-1.11.106.jar;C:\Users\jedrz\.m2\repository\com\amazonaws\aws-java-sdk-elasticloadbalancingv2\1.11.106\aws-java-sdk-elasticloadbalancingv2-1.11.106.jar;C:\Users\jedrz\.m2\repository\com\amazonaws\aws-java-sdk-emr\1.11.106\aws-java-sdk-emr-1.11.106.jar;C:\Users\jedrz\.m2\repository\com\amazonaws\aws-java-sdk-elasticache\1.11.106\aws-java-sdk-elasticache-1.11.106.jar;C:\Users\jedrz\.m2\repository\com\amazonaws\aws-java-sdk-elastictranscoder\1.11.106\aws-java-sdk-elastictranscoder-1.11.106.jar;C:\Users\jedrz\.m2\repository\com\amazonaws\aws-java-sdk-ec2\1.11.106\aws-java-sdk-ec2-1.11.106.jar;C:\Users\jedrz\.m2\repository\com\amazonaws\aws-java-sdk-dynamodb\1.11.106\aws-java-sdk-dynamodb-1.11.106.jar;C:\Users\jedrz\.m2\repository\com\amazonaws\aws-java-sdk-sns\1.11.106\aws-java-sdk-sns-1.11.106.jar;C:\Users\jedrz\.m2\repository\com\amazonaws\aws-java-sdk-budgets\1.11.106\aws-java-sdk-budgets-1.11.106.jar;C:\Users\jedrz\.m2\repository\com\amazonaws\aws-java-sdk-cloudtrail\1.11.106\aws-java-sdk-cloudtrail-1.11.106.jar;C:\Users\jedrz\.m2\repository\com\amazonaws\aws-java-sdk-cloudwatch\1.11.106\aws-java-sdk-cloudwatch-1.11.106.jar;C:\Users\jedrz\.m2\repository\com\amazonaws\aws-java-sdk-logs\1.11.106\aws-java-sdk-logs-1.11.106.jar;C:\Users\jedrz\.m2\repository\com\amazonaws\aws-java-sdk-events\1.11.106\aws-java-sdk-events-1.11.106.jar;C:\Users\jedrz\.m2\repository\com\amazonaws\aws-java-sdk-cognitoidentity\1.11.106\aws-java-sdk-cognitoidentity-1.11.106.jar;C:\Users\jedrz\.m2\repository\com\amazonaws\aws-java-sdk-cognitosync\1.11.106\aws-java-sdk-cognitosync-1.11.106.jar;C:\Users\jedrz\.m2\repository\com\amazonaws\aws-java-sdk-directconnect\1.11.106\aws-java-sdk-directconnect-1.11.106.jar;C:\Users\jedrz\.m2\repository\com\amazonaws\aws-java-sdk-cloudformation\1.11.106\aws-java-sdk-cloudformation-1.11.106.jar;C:\Users\jedrz\.m2\repository\com\amazonaws\aws-java-sdk-cloudfront\1.11.106\aws-java-sdk-cloudfront-1.11.106.jar;C:\Users\jedrz\.m2\repository\com\amazonaws\aws-java-sdk-clouddirectory\1.11.106\aws-java-sdk-clouddirectory-1.11.106.jar;C:\Users\jedrz\.m2\repository\com\amazonaws\aws-java-sdk-kinesis\1.11.106\aws-java-sdk-kinesis-1.11.106.jar;C:\Users\jedrz\.m2\repository\com\amazonaws\aws-java-sdk-opsworks\1.11.106\aws-java-sdk-opsworks-1.11.106.jar;C:\Users\jedrz\.m2\repository\com\amazonaws\aws-java-sdk-ses\1.11.106\aws-java-sdk-ses-1.11.106.jar;C:\Users\jedrz\.m2\repository\com\amazonaws\aws-java-sdk-autoscaling\1.11.106\aws-java-sdk-autoscaling-1.11.106.jar;C:\Users\jedrz\.m2\repository\com\amazonaws\aws-java-sdk-cloudsearch\1.11.106\aws-java-sdk-cloudsearch-1.11.106.jar;C:\Users\jedrz\.m2\repository\com\amazonaws\aws-java-sdk-cloudwatchmetrics\1.11.106\aws-java-sdk-cloudwatchmetrics-1.11.106.jar;C:\Users\jedrz\.m2\repository\com\amazonaws\aws-java-sdk-codedeploy\1.11.106\aws-java-sdk-codedeploy-1.11.106.jar;C:\Users\jedrz\.m2\repository\com\amazonaws\aws-java-sdk-codepipeline\1.11.106\aws-java-sdk-codepipeline-1.11.106.jar;C:\Users\jedrz\.m2\repository\com\amazonaws\aws-java-sdk-kms\1.11.106\aws-java-sdk-kms-1.11.106.jar;C:\Users\jedrz\.m2\repository\com\amazonaws\aws-java-sdk-config\1.11.106\aws-java-sdk-config-1.11.106.jar;C:\Users\jedrz\.m2\repository\com\amazonaws\aws-java-sdk-lambda\1.11.106\aws-java-sdk-lambda-1.11.106.jar;C:\Users\jedrz\.m2\repository\com\amazonaws\aws-java-sdk-ecs\1.11.106\aws-java-sdk-ecs-1.11.106.jar;C:\Users\jedrz\.m2\repository\com\amazonaws\aws-java-sdk-ecr\1.11.106\aws-java-sdk-ecr-1.11.106.jar;C:\Users\jedrz\.m2\repository\com\amazonaws\aws-java-sdk-cloudhsm\1.11.106\aws-java-sdk-cloudhsm-1.11.106.jar;C:\Users\jedrz\.m2\repository\com\amazonaws\aws-java-sdk-ssm\1.11.106\aws-java-sdk-ssm-1.11.106.jar;C:\Users\jedrz\.m2\repository\com\amazonaws\aws-java-sdk-workspaces\1.11.106\aws-java-sdk-workspaces-1.11.106.jar;C:\Users\jedrz\.m2\repository\com\amazonaws\aws-java-sdk-machinelearning\1.11.106\aws-java-sdk-machinelearning-1.11.106.jar;C:\Users\jedrz\.m2\repository\com\amazonaws\aws-java-sdk-directory\1.11.106\aws-java-sdk-directory-1.11.106.jar;C:\Users\jedrz\.m2\repository\com\amazonaws\aws-java-sdk-efs\1.11.106\aws-java-sdk-efs-1.11.106.jar;C:\Users\jedrz\.m2\repository\com\amazonaws\aws-java-sdk-codecommit\1.11.106\aws-java-sdk-codecommit-1.11.106.jar;C:\Users\jedrz\.m2\repository\com\amazonaws\aws-java-sdk-devicefarm\1.11.106\aws-java-sdk-devicefarm-1.11.106.jar;C:\Users\jedrz\.m2\repository\com\amazonaws\aws-java-sdk-elasticsearch\1.11.106\aws-java-sdk-elasticsearch-1.11.106.jar;C:\Users\jedrz\.m2\repository\com\amazonaws\aws-java-sdk-waf\1.11.106\aws-java-sdk-waf-1.11.106.jar;C:\Users\jedrz\.m2\repository\com\amazonaws\aws-java-sdk-marketplacecommerceanalytics\1.11.106\aws-java-sdk-marketplacecommerceanalytics-1.11.106.jar;C:\Users\jedrz\.m2\repository\com\amazonaws\aws-java-sdk-inspector\1.11.106\aws-java-sdk-inspector-1.11.106.jar;C:\Users\jedrz\.m2\repository\com\amazonaws\aws-java-sdk-iot\1.11.106\aws-java-sdk-iot-1.11.106.jar;C:\Users\jedrz\.m2\repository\com\amazonaws\aws-java-sdk-api-gateway\1.11.106\aws-java-sdk-api-gateway-1.11.106.jar;C:\Users\jedrz\.m2\repository\com\amazonaws\aws-java-sdk-acm\1.11.106\aws-java-sdk-acm-1.11.106.jar;C:\Users\jedrz\.m2\repository\com\amazonaws\aws-java-sdk-gamelift\1.11.106\aws-java-sdk-gamelift-1.11.106.jar;C:\Users\jedrz\.m2\repository\com\amazonaws\aws-java-sdk-dms\1.11.106\aws-java-sdk-dms-1.11.106.jar;C:\Users\jedrz\.m2\repository\com\amazonaws\aws-java-sdk-marketplacemeteringservice\1.11.106\aws-java-sdk-marketplacemeteringservice-1.11.106.jar;C:\Users\jedrz\.m2\repository\com\amazonaws\aws-java-sdk-cognitoidp\1.11.106\aws-java-sdk-cognitoidp-1.11.106.jar;C:\Users\jedrz\.m2\repository\com\amazonaws\aws-java-sdk-discovery\1.11.106\aws-java-sdk-discovery-1.11.106.jar;C:\Users\jedrz\.m2\repository\com\amazonaws\aws-java-sdk-applicationautoscaling\1.11.106\aws-java-sdk-applicationautoscaling-1.11.106.jar;C:\Users\jedrz\.m2\repository\com\amazonaws\aws-java-sdk-snowball\1.11.106\aws-java-sdk-snowball-1.11.106.jar;C:\Users\jedrz\.m2\repository\com\amazonaws\aws-java-sdk-rekognition\1.11.106\aws-java-sdk-rekognition-1.11.106.jar;C:\Users\jedrz\.m2\repository\com\amazonaws\aws-java-sdk-polly\1.11.106\aws-java-sdk-polly-1.11.106.jar;C:\Users\jedrz\.m2\repository\com\amazonaws\aws-java-sdk-lightsail\1.11.106\aws-java-sdk-lightsail-1.11.106.jar;C:\Users\jedrz\.m2\repository\com\amazonaws\aws-java-sdk-stepfunctions\1.11.106\aws-java-sdk-stepfunctions-1.11.106.jar;C:\Users\jedrz\.m2\repository\com\amazonaws\aws-java-sdk-health\1.11.106\aws-java-sdk-health-1.11.106.jar;C:\Users\jedrz\.m2\repository\com\amazonaws\aws-java-sdk-costandusagereport\1.11.106\aws-java-sdk-costandusagereport-1.11.106.jar;C:\Users\jedrz\.m2\repository\com\amazonaws\aws-java-sdk-codebuild\1.11.106\aws-java-sdk-codebuild-1.11.106.jar;C:\Users\jedrz\.m2\repository\com\amazonaws\aws-java-sdk-appstream\1.11.106\aws-java-sdk-appstream-1.11.106.jar;C:\Users\jedrz\.m2\repository\com\amazonaws\aws-java-sdk-shield\1.11.106\aws-java-sdk-shield-1.11.106.jar;C:\Users\jedrz\.m2\repository\com\amazonaws\aws-java-sdk-batch\1.11.106\aws-java-sdk-batch-1.11.106.jar;C:\Users\jedrz\.m2\repository\com\amazonaws\aws-java-sdk-lex\1.11.106\aws-java-sdk-lex-1.11.106.jar;C:\Users\jedrz\.m2\repository\com\amazonaws\aws-java-sdk-mechanicalturkrequester\1.11.106\aws-java-sdk-mechanicalturkrequester-1.11.106.jar;C:\Users\jedrz\.m2\repository\com\amazonaws\aws-java-sdk-organizations\1.11.106\aws-java-sdk-organizations-1.11.106.jar;C:\Users\jedrz\.m2\repository\com\amazonaws\aws-java-sdk-workdocs\1.11.106\aws-java-sdk-workdocs-1.11.106.jar;C:\Users\jedrz\.m2\repository\com\amazonaws\aws-java-sdk-core\1.11.106\aws-java-sdk-core-1.11.106.jar;C:\Users\jedrz\.m2\repository\commons-logging\commons-logging\1.1.3\commons-logging-1.1.3.jar;C:\Users\jedrz\.m2\repository\org\apache\httpcomponents\httpclient\4.5.13\httpclient-4.5.13.jar;C:\Users\jedrz\.m2\repository\org\apache\httpcomponents\httpcore\4.4.15\httpcore-4.4.15.jar;C:\Users\jedrz\.m2\repository\commons-codec\commons-codec\1.15\commons-codec-1.15.jar;C:\Users\jedrz\.m2\repository\software\amazon\ion\ion-java\1.0.2\ion-java-1.0.2.jar;C:\Users\jedrz\.m2\repository\com\fasterxml\jackson\dataformat\jackson-dataformat-cbor\2.13.3\jackson-dataformat-cbor-2.13.3.jar;C:\Users\jedrz\.m2\repository\joda-time\joda-time\2.8.1\joda-time-2.8.1.jar;C:\Users\jedrz\.m2\repository\com\amazonaws\aws-java-sdk-models\1.11.106\aws-java-sdk-models-1.11.106.jar;C:\Users\jedrz\.m2\repository\com\amazonaws\aws-java-sdk-swf-libraries\1.11.22\aws-java-sdk-swf-libraries-1.11.22.jar;C:\Users\jedrz\.m2\repository\org\springframework\boot\spring-boot-starter-data-jpa\2.7.3\spring-boot-starter-data-jpa-2.7.3.jar;C:\Users\jedrz\.m2\repository\org\springframework\boot\spring-boot-starter-aop\2.7.3\spring-boot-starter-aop-2.7.3.jar;C:\Users\jedrz\.m2\repository\org\aspectj\aspectjweaver\1.9.7\aspectjweaver-1.9.7.jar;C:\Users\jedrz\.m2\repository\org\springframework\boot\spring-boot-starter-jdbc\2.7.3\spring-boot-starter-jdbc-2.7.3.jar;C:\Users\jedrz\.m2\repository\com\zaxxer\HikariCP\4.0.3\HikariCP-4.0.3.jar;C:\Users\jedrz\.m2\repository\org\springframework\spring-jdbc\5.3.22\spring-jdbc-5.3.22.jar;C:\Users\jedrz\.m2\repository\jakarta\transaction\jakarta.transaction-api\1.3.3\jakarta.transaction-api-1.3.3.jar;C:\Users\jedrz\.m2\repository\jakarta\persistence\jakarta.persistence-api\2.2.3\jakarta.persistence-api-2.2.3.jar;C:\Users\jedrz\.m2\repository\org\hibernate\hibernate-core\5.6.10.Final\hibernate-core-5.6.10.Final.jar;C:\Users\jedrz\.m2\repository\org\jboss\logging\jboss-logging\3.4.3.Final\jboss-logging-3.4.3.Final.jar;C:\Users\jedrz\.m2\repository\antlr\antlr\2.7.7\antlr-2.7.7.jar;C:\Users\jedrz\.m2\repository\org\jboss\jandex\2.4.2.Final\jandex-2.4.2.Final.jar;C:\Users\jedrz\.m2\repository\com\fasterxml\classmate\1.5.1\classmate-1.5.1.jar;C:\Users\jedrz\.m2\repository\org\hibernate\common\hibernate-commons-annotations\5.1.2.Final\hibernate-commons-annotations-5.1.2.Final.jar;C:\Users\jedrz\.m2\repository\org\glassfish\jaxb\jaxb-runtime\2.3.6\jaxb-runtime-2.3.6.jar;C:\Users\jedrz\.m2\repository\org\glassfish\jaxb\txw2\2.3.6\txw2-2.3.6.jar;C:\Users\jedrz\.m2\repository\com\sun\istack\istack-commons-runtime\3.0.12\istack-commons-runtime-3.0.12.jar;C:\Users\jedrz\.m2\repository\com\sun\activation\jakarta.activation\1.2.2\jakarta.activation-1.2.2.jar;C:\Users\jedrz\.m2\repository\org\springframework\data\spring-data-jpa\2.7.2\spring-data-jpa-2.7.2.jar;C:\Users\jedrz\.m2\repository\org\springframework\data\spring-data-commons\2.7.2\spring-data-commons-2.7.2.jar;C:\Users\jedrz\.m2\repository\org\springframework\spring-orm\5.3.22\spring-orm-5.3.22.jar;C:\Users\jedrz\.m2\repository\org\springframework\spring-context\5.3.22\spring-context-5.3.22.jar;C:\Users\jedrz\.m2\repository\org\springframework\spring-tx\5.3.22\spring-tx-5.3.22.jar;C:\Users\jedrz\.m2\repository\org\springframework\spring-beans\5.3.22\spring-beans-5.3.22.jar;C:\Users\jedrz\.m2\repository\org\slf4j\slf4j-api\1.7.36\slf4j-api-1.7.36.jar;C:\Users\jedrz\.m2\repository\org\springframework\spring-aspects\5.3.22\spring-aspects-5.3.22.jar;C:\Users\jedrz\.m2\repository\org\springframework\boot\spring-boot-starter-web\2.7.3\spring-boot-starter-web-2.7.3.jar;C:\Users\jedrz\.m2\repository\org\springframework\boot\spring-boot-starter\2.7.3\spring-boot-starter-2.7.3.jar;C:\Users\jedrz\.m2\repository\org\springframework\boot\spring-boot\2.7.3\spring-boot-2.7.3.jar;C:\Users\jedrz\.m2\repository\org\springframework\boot\spring-boot-autoconfigure\2.7.3\spring-boot-autoconfigure-2.7.3.jar;C:\Users\jedrz\.m2\repository\org\springframework\boot\spring-boot-starter-logging\2.7.3\spring-boot-starter-logging-2.7.3.jar;C:\Users\jedrz\.m2\repository\ch\qos\logback\logback-classic\1.2.11\logback-classic-1.2.11.jar;C:\Users\jedrz\.m2\repository\ch\qos\logback\logback-core\1.2.11\logback-core-1.2.11.jar;C:\Users\jedrz\.m2\repository\org\apache\logging\log4j\log4j-to-slf4j\2.17.2\log4j-to-slf4j-2.17.2.jar;C:\Users\jedrz\.m2\repository\org\apache\logging\log4j\log4j-api\2.17.2\log4j-api-2.17.2.jar;C:\Users\jedrz\.m2\repository\org\slf4j\jul-to-slf4j\1.7.36\jul-to-slf4j-1.7.36.jar;C:\Users\jedrz\.m2\repository\jakarta\annotation\jakarta.annotation-api\1.3.5\jakarta.annotation-api-1.3.5.jar;C:\Users\jedrz\.m2\repository\org\yaml\snakeyaml\1.30\snakeyaml-1.30.jar;C:\Users\jedrz\.m2\repository\org\springframework\boot\spring-boot-starter-json\2.7.3\spring-boot-starter-json-2.7.3.jar;C:\Users\jedrz\.m2\repository\com\fasterxml\jackson\datatype\jackson-datatype-jdk8\2.13.3\jackson-datatype-jdk8-2.13.3.jar;C:\Users\jedrz\.m2\repository\com\fasterxml\jackson\datatype\jackson-datatype-jsr310\2.13.3\jackson-datatype-jsr310-2.13.3.jar;C:\Users\jedrz\.m2\repository\com\fasterxml\jackson\module\jackson-module-parameter-names\2.13.3\jackson-module-parameter-names-2.13.3.jar;C:\Users\jedrz\.m2\repository\org\springframework\boot\spring-boot-starter-tomcat\2.7.3\spring-boot-starter-tomcat-2.7.3.jar;C:\Users\jedrz\.m2\repository\org\apache\tomcat\embed\tomcat-embed-core\9.0.65\tomcat-embed-core-9.0.65.jar;C:\Users\jedrz\.m2\repository\org\apache\tomcat\embed\tomcat-embed-el\9.0.65\tomcat-embed-el-9.0.65.jar;C:\Users\jedrz\.m2\repository\org\apache\tomcat\embed\tomcat-embed-websocket\9.0.65\tomcat-embed-websocket-9.0.65.jar;C:\Users\jedrz\.m2\repository\org\springframework\spring-web\5.3.22\spring-web-5.3.22.jar;C:\Users\jedrz\.m2\repository\org\springframework\spring-webmvc\5.3.22\spring-webmvc-5.3.22.jar;C:\Users\jedrz\.m2\repository\org\springframework\spring-expression\5.3.22\spring-expression-5.3.22.jar;C:\Users\jedrz\.m2\repository\org\springframework\boot\spring-boot-starter-security\2.7.3\spring-boot-starter-security-2.7.3.jar;C:\Users\jedrz\.m2\repository\org\springframework\spring-aop\5.3.22\spring-aop-5.3.22.jar;C:\Users\jedrz\.m2\repository\org\springframework\security\spring-security-config\5.7.3\spring-security-config-5.7.3.jar;C:\Users\jedrz\.m2\repository\org\springframework\security\spring-security-web\5.7.3\spring-security-web-5.7.3.jar;C:\Users\jedrz\.m2\repository\org\springframework\security\spring-security-test\5.7.3\spring-security-test-5.7.3.jar;C:\Users\jedrz\.m2\repository\org\springframework\security\spring-security-core\5.7.3\spring-security-core-5.7.3.jar;C:\Users\jedrz\.m2\repository\org\springframework\security\spring-security-crypto\5.7.3\spring-security-crypto-5.7.3.jar;C:\Users\jedrz\.m2\repository\org\springframework\spring-core\5.3.22\spring-core-5.3.22.jar;C:\Users\jedrz\.m2\repository\org\springframework\spring-jcl\5.3.22\spring-jcl-5.3.22.jar;C:\Users\jedrz\.m2\repository\org\springframework\spring-test\5.3.22\spring-test-5.3.22.jar;C:\Users\jedrz\.m2\repository\mysql\mysql-connector-java\8.0.30\mysql-connector-java-8.0.30.jar;C:\Users\jedrz\.m2\repository\org\projectlombok\lombok\1.18.24\lombok-1.18.24.jar;C:\Users\jedrz\.m2\repository\org\springframework\boot\spring-boot-starter-test\2.7.3\spring-boot-starter-test-2.7.3.jar;C:\Users\jedrz\.m2\repository\org\springframework\boot\spring-boot-test\2.7.3\spring-boot-test-2.7.3.jar;C:\Users\jedrz\.m2\repository\org\springframework\boot\spring-boot-test-autoconfigure\2.7.3\spring-boot-test-autoconfigure-2.7.3.jar;C:\Users\jedrz\.m2\repository\com\jayway\jsonpath\json-path\2.7.0\json-path-2.7.0.jar;C:\Users\jedrz\.m2\repository\net\minidev\json-smart\2.4.8\json-smart-2.4.8.jar;C:\Users\jedrz\.m2\repository\net\minidev\accessors-smart\2.4.8\accessors-smart-2.4.8.jar;C:\Users\jedrz\.m2\repository\org\ow2\asm\asm\9.1\asm-9.1.jar;C:\Users\jedrz\.m2\repository\jakarta\xml\bind\jakarta.xml.bind-api\2.3.3\jakarta.xml.bind-api-2.3.3.jar;C:\Users\jedrz\.m2\repository\jakarta\activation\jakarta.activation-api\1.2.2\jakarta.activation-api-1.2.2.jar;C:\Users\jedrz\.m2\repository\org\assertj\assertj-core\3.22.0\assertj-core-3.22.0.jar;C:\Users\jedrz\.m2\repository\org\hamcrest\hamcrest\2.2\hamcrest-2.2.jar;C:\Users\jedrz\.m2\repository\org\junit\jupiter\junit-jupiter\5.8.2\junit-jupiter-5.8.2.jar;C:\Users\jedrz\.m2\repository\org\junit\jupiter\junit-jupiter-api\5.8.2\junit-jupiter-api-5.8.2.jar;C:\Users\jedrz\.m2\repository\org\opentest4j\opentest4j\1.2.0\opentest4j-1.2.0.jar;C:\Users\jedrz\.m2\repository\org\junit\platform\junit-platform-commons\1.8.2\junit-platform-commons-1.8.2.jar;C:\Users\jedrz\.m2\repository\org\apiguardian\apiguardian-api\1.1.2\apiguardian-api-1.1.2.jar;C:\Users\jedrz\.m2\repository\org\junit\jupiter\junit-jupiter-params\5.8.2\junit-jupiter-params-5.8.2.jar;C:\Users\jedrz\.m2\repository\org\junit\jupiter\junit-jupiter-engine\5.8.2\junit-jupiter-engine-5.8.2.jar;C:\Users\jedrz\.m2\repository\org\junit\platform\junit-platform-engine\1.8.2\junit-platform-engine-1.8.2.jar;C:\Users\jedrz\.m2\repository\org\mockito\mockito-junit-jupiter\4.5.1\mockito-junit-jupiter-4.5.1.jar;C:\Users\jedrz\.m2\repository\org\skyscreamer\jsonassert\1.5.1\jsonassert-1.5.1.jar;C:\Users\jedrz\.m2\repository\com\vaadin\external\google\android-json\0.0.20131108.vaadin1\android-json-0.0.20131108.vaadin1.jar;C:\Users\jedrz\.m2\repository\org\xmlunit\xmlunit-core\2.9.0\xmlunit-core-2.9.0.jar;C:\Users\jedrz\.m2\repository\org\mockito\mockito-core\4.8.1\mockito-core-4.8.1.jar;C:\Users\jedrz\.m2\repository\net\bytebuddy\byte-buddy\1.12.13\byte-buddy-1.12.13.jar;C:\Users\jedrz\.m2\repository\net\bytebuddy\byte-buddy-agent\1.12.13\byte-buddy-agent-1.12.13.jar;C:\Users\jedrz\.m2\repository\org\objenesis\objenesis\3.2\objenesis-3.2.jar;C:\Users\jedrz\.m2\repository\junit\junit\4.13.2\junit-4.13.2.jar;C:\Users\jedrz\.m2\repository\org\hamcrest\hamcrest-core\2.2\hamcrest-core-2.2.jar;"/>
    <property name="java.vm.vendor" value="Oracle Corporation"/>
    <property name="sun.arch.data.model" value="64"/>
    <property name="user.variant" value=""/>
    <property name="java.vendor.url" value="https://openjdk.java.net/"/>
    <property name="user.timezone" value="Europe/Belgrade"/>
    <property name="java.vm.specification.version" value="11"/>
    <property name="os.name" value="Windows 10"/>
    <property name="sun.java.launcher" value="SUN_STANDARD"/>
    <property name="user.country" value="PL"/>
    <property name="sun.boot.library.path" value="C:\Program Files\Java\jdk-11.0.17\bin"/>
    <property name="sun.java.command" value="C:\Users\jedrz\AppData\Local\Temp\surefire13587649390963936884\surefirebooter1279956655379217186.jar C:\Users\jedrz\AppData\Local\Temp\surefire13587649390963936884 2023-03-16T01-11-20_835-jvmRun1 surefire1358471517590272624tmp surefire_06157382252474292345tmp"/>
    <property name="jdk.debug" value="release"/>
    <property name="surefire.test.class.path" value="C:\Users\jedrz\IdeaProjects\projekt\serwis\target\test-classes;C:\Users\jedrz\IdeaProjects\projekt\serwis\target\classes;C:\Users\jedrz\.m2\repository\com\auth0\java-jwt\4.2.1\java-jwt-4.2.1.jar;C:\Users\jedrz\.m2\repository\com\fasterxml\jackson\core\jackson-databind\2.13.3\jackson-databind-2.13.3.jar;C:\Users\jedrz\.m2\repository\com\fasterxml\jackson\core\jackson-annotations\2.13.3\jackson-annotations-2.13.3.jar;C:\Users\jedrz\.m2\repository\com\fasterxml\jackson\core\jackson-core\2.13.3\jackson-core-2.13.3.jar;C:\Users\jedrz\.m2\repository\com\amazonaws\aws-java-sdk\1.11.106\aws-java-sdk-1.11.106.jar;C:\Users\jedrz\.m2\repository\com\amazonaws\aws-java-sdk-pinpoint\1.11.106\aws-java-sdk-pinpoint-1.11.106.jar;C:\Users\jedrz\.m2\repository\com\amazonaws\jmespath-java\1.11.106\jmespath-java-1.11.106.jar;C:\Users\jedrz\.m2\repository\com\amazonaws\aws-java-sdk-xray\1.11.106\aws-java-sdk-xray-1.11.106.jar;C:\Users\jedrz\.m2\repository\com\amazonaws\aws-java-sdk-opsworkscm\1.11.106\aws-java-sdk-opsworkscm-1.11.106.jar;C:\Users\jedrz\.m2\repository\com\amazonaws\aws-java-sdk-support\1.11.106\aws-java-sdk-support-1.11.106.jar;C:\Users\jedrz\.m2\repository\com\amazonaws\aws-java-sdk-simpledb\1.11.106\aws-java-sdk-simpledb-1.11.106.jar;C:\Users\jedrz\.m2\repository\com\amazonaws\aws-java-sdk-servicecatalog\1.11.106\aws-java-sdk-servicecatalog-1.11.106.jar;C:\Users\jedrz\.m2\repository\com\amazonaws\aws-java-sdk-servermigration\1.11.106\aws-java-sdk-servermigration-1.11.106.jar;C:\Users\jedrz\.m2\repository\com\amazonaws\aws-java-sdk-simpleworkflow\1.11.106\aws-java-sdk-simpleworkflow-1.11.106.jar;C:\Users\jedrz\.m2\repository\com\amazonaws\aws-java-sdk-storagegateway\1.11.106\aws-java-sdk-storagegateway-1.11.106.jar;C:\Users\jedrz\.m2\repository\com\amazonaws\aws-java-sdk-route53\1.11.106\aws-java-sdk-route53-1.11.106.jar;C:\Users\jedrz\.m2\repository\com\amazonaws\aws-java-sdk-s3\1.11.106\aws-java-sdk-s3-1.11.106.jar;C:\Users\jedrz\.m2\repository\com\amazonaws\aws-java-sdk-importexport\1.11.106\aws-java-sdk-importexport-1.11.106.jar;C:\Users\jedrz\.m2\repository\com\amazonaws\aws-java-sdk-sts\1.11.106\aws-java-sdk-sts-1.11.106.jar;C:\Users\jedrz\.m2\repository\com\amazonaws\aws-java-sdk-sqs\1.11.106\aws-java-sdk-sqs-1.11.106.jar;C:\Users\jedrz\.m2\repository\com\amazonaws\aws-java-sdk-rds\1.11.106\aws-java-sdk-rds-1.11.106.jar;C:\Users\jedrz\.m2\repository\com\amazonaws\aws-java-sdk-redshift\1.11.106\aws-java-sdk-redshift-1.11.106.jar;C:\Users\jedrz\.m2\repository\com\amazonaws\aws-java-sdk-elasticbeanstalk\1.11.106\aws-java-sdk-elasticbeanstalk-1.11.106.jar;C:\Users\jedrz\.m2\repository\com\amazonaws\aws-java-sdk-glacier\1.11.106\aws-java-sdk-glacier-1.11.106.jar;C:\Users\jedrz\.m2\repository\com\amazonaws\aws-java-sdk-iam\1.11.106\aws-java-sdk-iam-1.11.106.jar;C:\Users\jedrz\.m2\repository\com\amazonaws\aws-java-sdk-datapipeline\1.11.106\aws-java-sdk-datapipeline-1.11.106.jar;C:\Users\jedrz\.m2\repository\com\amazonaws\aws-java-sdk-elasticloadbalancing\1.11.106\aws-java-sdk-elasticloadbalancing-1.11.106.jar;C:\Users\jedrz\.m2\repository\com\amazonaws\aws-java-sdk-elasticloadbalancingv2\1.11.106\aws-java-sdk-elasticloadbalancingv2-1.11.106.jar;C:\Users\jedrz\.m2\repository\com\amazonaws\aws-java-sdk-emr\1.11.106\aws-java-sdk-emr-1.11.106.jar;C:\Users\jedrz\.m2\repository\com\amazonaws\aws-java-sdk-elasticache\1.11.106\aws-java-sdk-elasticache-1.11.106.jar;C:\Users\jedrz\.m2\repository\com\amazonaws\aws-java-sdk-elastictranscoder\1.11.106\aws-java-sdk-elastictranscoder-1.11.106.jar;C:\Users\jedrz\.m2\repository\com\amazonaws\aws-java-sdk-ec2\1.11.106\aws-java-sdk-ec2-1.11.106.jar;C:\Users\jedrz\.m2\repository\com\amazonaws\aws-java-sdk-dynamodb\1.11.106\aws-java-sdk-dynamodb-1.11.106.jar;C:\Users\jedrz\.m2\repository\com\amazonaws\aws-java-sdk-sns\1.11.106\aws-java-sdk-sns-1.11.106.jar;C:\Users\jedrz\.m2\repository\com\amazonaws\aws-java-sdk-budgets\1.11.106\aws-java-sdk-budgets-1.11.106.jar;C:\Users\jedrz\.m2\repository\com\amazonaws\aws-java-sdk-cloudtrail\1.11.106\aws-java-sdk-cloudtrail-1.11.106.jar;C:\Users\jedrz\.m2\repository\com\amazonaws\aws-java-sdk-cloudwatch\1.11.106\aws-java-sdk-cloudwatch-1.11.106.jar;C:\Users\jedrz\.m2\repository\com\amazonaws\aws-java-sdk-logs\1.11.106\aws-java-sdk-logs-1.11.106.jar;C:\Users\jedrz\.m2\repository\com\amazonaws\aws-java-sdk-events\1.11.106\aws-java-sdk-events-1.11.106.jar;C:\Users\jedrz\.m2\repository\com\amazonaws\aws-java-sdk-cognitoidentity\1.11.106\aws-java-sdk-cognitoidentity-1.11.106.jar;C:\Users\jedrz\.m2\repository\com\amazonaws\aws-java-sdk-cognitosync\1.11.106\aws-java-sdk-cognitosync-1.11.106.jar;C:\Users\jedrz\.m2\repository\com\amazonaws\aws-java-sdk-directconnect\1.11.106\aws-java-sdk-directconnect-1.11.106.jar;C:\Users\jedrz\.m2\repository\com\amazonaws\aws-java-sdk-cloudformation\1.11.106\aws-java-sdk-cloudformation-1.11.106.jar;C:\Users\jedrz\.m2\repository\com\amazonaws\aws-java-sdk-cloudfront\1.11.106\aws-java-sdk-cloudfront-1.11.106.jar;C:\Users\jedrz\.m2\repository\com\amazonaws\aws-java-sdk-clouddirectory\1.11.106\aws-java-sdk-clouddirectory-1.11.106.jar;C:\Users\jedrz\.m2\repository\com\amazonaws\aws-java-sdk-kinesis\1.11.106\aws-java-sdk-kinesis-1.11.106.jar;C:\Users\jedrz\.m2\repository\com\amazonaws\aws-java-sdk-opsworks\1.11.106\aws-java-sdk-opsworks-1.11.106.jar;C:\Users\jedrz\.m2\repository\com\amazonaws\aws-java-sdk-ses\1.11.106\aws-java-sdk-ses-1.11.106.jar;C:\Users\jedrz\.m2\repository\com\amazonaws\aws-java-sdk-autoscaling\1.11.106\aws-java-sdk-autoscaling-1.11.106.jar;C:\Users\jedrz\.m2\repository\com\amazonaws\aws-java-sdk-cloudsearch\1.11.106\aws-java-sdk-cloudsearch-1.11.106.jar;C:\Users\jedrz\.m2\repository\com\amazonaws\aws-java-sdk-cloudwatchmetrics\1.11.106\aws-java-sdk-cloudwatchmetrics-1.11.106.jar;C:\Users\jedrz\.m2\repository\com\amazonaws\aws-java-sdk-codedeploy\1.11.106\aws-java-sdk-codedeploy-1.11.106.jar;C:\Users\jedrz\.m2\repository\com\amazonaws\aws-java-sdk-codepipeline\1.11.106\aws-java-sdk-codepipeline-1.11.106.jar;C:\Users\jedrz\.m2\repository\com\amazonaws\aws-java-sdk-kms\1.11.106\aws-java-sdk-kms-1.11.106.jar;C:\Users\jedrz\.m2\repository\com\amazonaws\aws-java-sdk-config\1.11.106\aws-java-sdk-config-1.11.106.jar;C:\Users\jedrz\.m2\repository\com\amazonaws\aws-java-sdk-lambda\1.11.106\aws-java-sdk-lambda-1.11.106.jar;C:\Users\jedrz\.m2\repository\com\amazonaws\aws-java-sdk-ecs\1.11.106\aws-java-sdk-ecs-1.11.106.jar;C:\Users\jedrz\.m2\repository\com\amazonaws\aws-java-sdk-ecr\1.11.106\aws-java-sdk-ecr-1.11.106.jar;C:\Users\jedrz\.m2\repository\com\amazonaws\aws-java-sdk-cloudhsm\1.11.106\aws-java-sdk-cloudhsm-1.11.106.jar;C:\Users\jedrz\.m2\repository\com\amazonaws\aws-java-sdk-ssm\1.11.106\aws-java-sdk-ssm-1.11.106.jar;C:\Users\jedrz\.m2\repository\com\amazonaws\aws-java-sdk-workspaces\1.11.106\aws-java-sdk-workspaces-1.11.106.jar;C:\Users\jedrz\.m2\repository\com\amazonaws\aws-java-sdk-machinelearning\1.11.106\aws-java-sdk-machinelearning-1.11.106.jar;C:\Users\jedrz\.m2\repository\com\amazonaws\aws-java-sdk-directory\1.11.106\aws-java-sdk-directory-1.11.106.jar;C:\Users\jedrz\.m2\repository\com\amazonaws\aws-java-sdk-efs\1.11.106\aws-java-sdk-efs-1.11.106.jar;C:\Users\jedrz\.m2\repository\com\amazonaws\aws-java-sdk-codecommit\1.11.106\aws-java-sdk-codecommit-1.11.106.jar;C:\Users\jedrz\.m2\repository\com\amazonaws\aws-java-sdk-devicefarm\1.11.106\aws-java-sdk-devicefarm-1.11.106.jar;C:\Users\jedrz\.m2\repository\com\amazonaws\aws-java-sdk-elasticsearch\1.11.106\aws-java-sdk-elasticsearch-1.11.106.jar;C:\Users\jedrz\.m2\repository\com\amazonaws\aws-java-sdk-waf\1.11.106\aws-java-sdk-waf-1.11.106.jar;C:\Users\jedrz\.m2\repository\com\amazonaws\aws-java-sdk-marketplacecommerceanalytics\1.11.106\aws-java-sdk-marketplacecommerceanalytics-1.11.106.jar;C:\Users\jedrz\.m2\repository\com\amazonaws\aws-java-sdk-inspector\1.11.106\aws-java-sdk-inspector-1.11.106.jar;C:\Users\jedrz\.m2\repository\com\amazonaws\aws-java-sdk-iot\1.11.106\aws-java-sdk-iot-1.11.106.jar;C:\Users\jedrz\.m2\repository\com\amazonaws\aws-java-sdk-api-gateway\1.11.106\aws-java-sdk-api-gateway-1.11.106.jar;C:\Users\jedrz\.m2\repository\com\amazonaws\aws-java-sdk-acm\1.11.106\aws-java-sdk-acm-1.11.106.jar;C:\Users\jedrz\.m2\repository\com\amazonaws\aws-java-sdk-gamelift\1.11.106\aws-java-sdk-gamelift-1.11.106.jar;C:\Users\jedrz\.m2\repository\com\amazonaws\aws-java-sdk-dms\1.11.106\aws-java-sdk-dms-1.11.106.jar;C:\Users\jedrz\.m2\repository\com\amazonaws\aws-java-sdk-marketplacemeteringservice\1.11.106\aws-java-sdk-marketplacemeteringservice-1.11.106.jar;C:\Users\jedrz\.m2\repository\com\amazonaws\aws-java-sdk-cognitoidp\1.11.106\aws-java-sdk-cognitoidp-1.11.106.jar;C:\Users\jedrz\.m2\repository\com\amazonaws\aws-java-sdk-discovery\1.11.106\aws-java-sdk-discovery-1.11.106.jar;C:\Users\jedrz\.m2\repository\com\amazonaws\aws-java-sdk-applicationautoscaling\1.11.106\aws-java-sdk-applicationautoscaling-1.11.106.jar;C:\Users\jedrz\.m2\repository\com\amazonaws\aws-java-sdk-snowball\1.11.106\aws-java-sdk-snowball-1.11.106.jar;C:\Users\jedrz\.m2\repository\com\amazonaws\aws-java-sdk-rekognition\1.11.106\aws-java-sdk-rekognition-1.11.106.jar;C:\Users\jedrz\.m2\repository\com\amazonaws\aws-java-sdk-polly\1.11.106\aws-java-sdk-polly-1.11.106.jar;C:\Users\jedrz\.m2\repository\com\amazonaws\aws-java-sdk-lightsail\1.11.106\aws-java-sdk-lightsail-1.11.106.jar;C:\Users\jedrz\.m2\repository\com\amazonaws\aws-java-sdk-stepfunctions\1.11.106\aws-java-sdk-stepfunctions-1.11.106.jar;C:\Users\jedrz\.m2\repository\com\amazonaws\aws-java-sdk-health\1.11.106\aws-java-sdk-health-1.11.106.jar;C:\Users\jedrz\.m2\repository\com\amazonaws\aws-java-sdk-costandusagereport\1.11.106\aws-java-sdk-costandusagereport-1.11.106.jar;C:\Users\jedrz\.m2\repository\com\amazonaws\aws-java-sdk-codebuild\1.11.106\aws-java-sdk-codebuild-1.11.106.jar;C:\Users\jedrz\.m2\repository\com\amazonaws\aws-java-sdk-appstream\1.11.106\aws-java-sdk-appstream-1.11.106.jar;C:\Users\jedrz\.m2\repository\com\amazonaws\aws-java-sdk-shield\1.11.106\aws-java-sdk-shield-1.11.106.jar;C:\Users\jedrz\.m2\repository\com\amazonaws\aws-java-sdk-batch\1.11.106\aws-java-sdk-batch-1.11.106.jar;C:\Users\jedrz\.m2\repository\com\amazonaws\aws-java-sdk-lex\1.11.106\aws-java-sdk-lex-1.11.106.jar;C:\Users\jedrz\.m2\repository\com\amazonaws\aws-java-sdk-mechanicalturkrequester\1.11.106\aws-java-sdk-mechanicalturkrequester-1.11.106.jar;C:\Users\jedrz\.m2\repository\com\amazonaws\aws-java-sdk-organizations\1.11.106\aws-java-sdk-organizations-1.11.106.jar;C:\Users\jedrz\.m2\repository\com\amazonaws\aws-java-sdk-workdocs\1.11.106\aws-java-sdk-workdocs-1.11.106.jar;C:\Users\jedrz\.m2\repository\com\amazonaws\aws-java-sdk-core\1.11.106\aws-java-sdk-core-1.11.106.jar;C:\Users\jedrz\.m2\repository\commons-logging\commons-logging\1.1.3\commons-logging-1.1.3.jar;C:\Users\jedrz\.m2\repository\org\apache\httpcomponents\httpclient\4.5.13\httpclient-4.5.13.jar;C:\Users\jedrz\.m2\repository\org\apache\httpcomponents\httpcore\4.4.15\httpcore-4.4.15.jar;C:\Users\jedrz\.m2\repository\commons-codec\commons-codec\1.15\commons-codec-1.15.jar;C:\Users\jedrz\.m2\repository\software\amazon\ion\ion-java\1.0.2\ion-java-1.0.2.jar;C:\Users\jedrz\.m2\repository\com\fasterxml\jackson\dataformat\jackson-dataformat-cbor\2.13.3\jackson-dataformat-cbor-2.13.3.jar;C:\Users\jedrz\.m2\repository\joda-time\joda-time\2.8.1\joda-time-2.8.1.jar;C:\Users\jedrz\.m2\repository\com\amazonaws\aws-java-sdk-models\1.11.106\aws-java-sdk-models-1.11.106.jar;C:\Users\jedrz\.m2\repository\com\amazonaws\aws-java-sdk-swf-libraries\1.11.22\aws-java-sdk-swf-libraries-1.11.22.jar;C:\Users\jedrz\.m2\repository\org\springframework\boot\spring-boot-starter-data-jpa\2.7.3\spring-boot-starter-data-jpa-2.7.3.jar;C:\Users\jedrz\.m2\repository\org\springframework\boot\spring-boot-starter-aop\2.7.3\spring-boot-starter-aop-2.7.3.jar;C:\Users\jedrz\.m2\repository\org\aspectj\aspectjweaver\1.9.7\aspectjweaver-1.9.7.jar;C:\Users\jedrz\.m2\repository\org\springframework\boot\spring-boot-starter-jdbc\2.7.3\spring-boot-starter-jdbc-2.7.3.jar;C:\Users\jedrz\.m2\repository\com\zaxxer\HikariCP\4.0.3\HikariCP-4.0.3.jar;C:\Users\jedrz\.m2\repository\org\springframework\spring-jdbc\5.3.22\spring-jdbc-5.3.22.jar;C:\Users\jedrz\.m2\repository\jakarta\transaction\jakarta.transaction-api\1.3.3\jakarta.transaction-api-1.3.3.jar;C:\Users\jedrz\.m2\repository\jakarta\persistence\jakarta.persistence-api\2.2.3\jakarta.persistence-api-2.2.3.jar;C:\Users\jedrz\.m2\repository\org\hibernate\hibernate-core\5.6.10.Final\hibernate-core-5.6.10.Final.jar;C:\Users\jedrz\.m2\repository\org\jboss\logging\jboss-logging\3.4.3.Final\jboss-logging-3.4.3.Final.jar;C:\Users\jedrz\.m2\repository\antlr\antlr\2.7.7\antlr-2.7.7.jar;C:\Users\jedrz\.m2\repository\org\jboss\jandex\2.4.2.Final\jandex-2.4.2.Final.jar;C:\Users\jedrz\.m2\repository\com\fasterxml\classmate\1.5.1\classmate-1.5.1.jar;C:\Users\jedrz\.m2\repository\org\hibernate\common\hibernate-commons-annotations\5.1.2.Final\hibernate-commons-annotations-5.1.2.Final.jar;C:\Users\jedrz\.m2\repository\org\glassfish\jaxb\jaxb-runtime\2.3.6\jaxb-runtime-2.3.6.jar;C:\Users\jedrz\.m2\repository\org\glassfish\jaxb\txw2\2.3.6\txw2-2.3.6.jar;C:\Users\jedrz\.m2\repository\com\sun\istack\istack-commons-runtime\3.0.12\istack-commons-runtime-3.0.12.jar;C:\Users\jedrz\.m2\repository\com\sun\activation\jakarta.activation\1.2.2\jakarta.activation-1.2.2.jar;C:\Users\jedrz\.m2\repository\org\springframework\data\spring-data-jpa\2.7.2\spring-data-jpa-2.7.2.jar;C:\Users\jedrz\.m2\repository\org\springframework\data\spring-data-commons\2.7.2\spring-data-commons-2.7.2.jar;C:\Users\jedrz\.m2\repository\org\springframework\spring-orm\5.3.22\spring-orm-5.3.22.jar;C:\Users\jedrz\.m2\repository\org\springframework\spring-context\5.3.22\spring-context-5.3.22.jar;C:\Users\jedrz\.m2\repository\org\springframework\spring-tx\5.3.22\spring-tx-5.3.22.jar;C:\Users\jedrz\.m2\repository\org\springframework\spring-beans\5.3.22\spring-beans-5.3.22.jar;C:\Users\jedrz\.m2\repository\org\slf4j\slf4j-api\1.7.36\slf4j-api-1.7.36.jar;C:\Users\jedrz\.m2\repository\org\springframework\spring-aspects\5.3.22\spring-aspects-5.3.22.jar;C:\Users\jedrz\.m2\repository\org\springframework\boot\spring-boot-starter-web\2.7.3\spring-boot-starter-web-2.7.3.jar;C:\Users\jedrz\.m2\repository\org\springframework\boot\spring-boot-starter\2.7.3\spring-boot-starter-2.7.3.jar;C:\Users\jedrz\.m2\repository\org\springframework\boot\spring-boot\2.7.3\spring-boot-2.7.3.jar;C:\Users\jedrz\.m2\repository\org\springframework\boot\spring-boot-autoconfigure\2.7.3\spring-boot-autoconfigure-2.7.3.jar;C:\Users\jedrz\.m2\repository\org\springframework\boot\spring-boot-starter-logging\2.7.3\spring-boot-starter-logging-2.7.3.jar;C:\Users\jedrz\.m2\repository\ch\qos\logback\logback-classic\1.2.11\logback-classic-1.2.11.jar;C:\Users\jedrz\.m2\repository\ch\qos\logback\logback-core\1.2.11\logback-core-1.2.11.jar;C:\Users\jedrz\.m2\repository\org\apache\logging\log4j\log4j-to-slf4j\2.17.2\log4j-to-slf4j-2.17.2.jar;C:\Users\jedrz\.m2\repository\org\apache\logging\log4j\log4j-api\2.17.2\log4j-api-2.17.2.jar;C:\Users\jedrz\.m2\repository\org\slf4j\jul-to-slf4j\1.7.36\jul-to-slf4j-1.7.36.jar;C:\Users\jedrz\.m2\repository\jakarta\annotation\jakarta.annotation-api\1.3.5\jakarta.annotation-api-1.3.5.jar;C:\Users\jedrz\.m2\repository\org\yaml\snakeyaml\1.30\snakeyaml-1.30.jar;C:\Users\jedrz\.m2\repository\org\springframework\boot\spring-boot-starter-json\2.7.3\spring-boot-starter-json-2.7.3.jar;C:\Users\jedrz\.m2\repository\com\fasterxml\jackson\datatype\jackson-datatype-jdk8\2.13.3\jackson-datatype-jdk8-2.13.3.jar;C:\Users\jedrz\.m2\repository\com\fasterxml\jackson\datatype\jackson-datatype-jsr310\2.13.3\jackson-datatype-jsr310-2.13.3.jar;C:\Users\jedrz\.m2\repository\com\fasterxml\jackson\module\jackson-module-parameter-names\2.13.3\jackson-module-parameter-names-2.13.3.jar;C:\Users\jedrz\.m2\repository\org\springframework\boot\spring-boot-starter-tomcat\2.7.3\spring-boot-starter-tomcat-2.7.3.jar;C:\Users\jedrz\.m2\repository\org\apache\tomcat\embed\tomcat-embed-core\9.0.65\tomcat-embed-core-9.0.65.jar;C:\Users\jedrz\.m2\repository\org\apache\tomcat\embed\tomcat-embed-el\9.0.65\tomcat-embed-el-9.0.65.jar;C:\Users\jedrz\.m2\repository\org\apache\tomcat\embed\tomcat-embed-websocket\9.0.65\tomcat-embed-websocket-9.0.65.jar;C:\Users\jedrz\.m2\repository\org\springframework\spring-web\5.3.22\spring-web-5.3.22.jar;C:\Users\jedrz\.m2\repository\org\springframework\spring-webmvc\5.3.22\spring-webmvc-5.3.22.jar;C:\Users\jedrz\.m2\repository\org\springframework\spring-expression\5.3.22\spring-expression-5.3.22.jar;C:\Users\jedrz\.m2\repository\org\springframework\boot\spring-boot-starter-security\2.7.3\spring-boot-starter-security-2.7.3.jar;C:\Users\jedrz\.m2\repository\org\springframework\spring-aop\5.3.22\spring-aop-5.3.22.jar;C:\Users\jedrz\.m2\repository\org\springframework\security\spring-security-config\5.7.3\spring-security-config-5.7.3.jar;C:\Users\jedrz\.m2\repository\org\springframework\security\spring-security-web\5.7.3\spring-security-web-5.7.3.jar;C:\Users\jedrz\.m2\repository\org\springframework\security\spring-security-test\5.7.3\spring-security-test-5.7.3.jar;C:\Users\jedrz\.m2\repository\org\springframework\security\spring-security-core\5.7.3\spring-security-core-5.7.3.jar;C:\Users\jedrz\.m2\repository\org\springframework\security\spring-security-crypto\5.7.3\spring-security-crypto-5.7.3.jar;C:\Users\jedrz\.m2\repository\org\springframework\spring-core\5.3.22\spring-core-5.3.22.jar;C:\Users\jedrz\.m2\repository\org\springframework\spring-jcl\5.3.22\spring-jcl-5.3.22.jar;C:\Users\jedrz\.m2\repository\org\springframework\spring-test\5.3.22\spring-test-5.3.22.jar;C:\Users\jedrz\.m2\repository\mysql\mysql-connector-java\8.0.30\mysql-connector-java-8.0.30.jar;C:\Users\jedrz\.m2\repository\org\projectlombok\lombok\1.18.24\lombok-1.18.24.jar;C:\Users\jedrz\.m2\repository\org\springframework\boot\spring-boot-starter-test\2.7.3\spring-boot-starter-test-2.7.3.jar;C:\Users\jedrz\.m2\repository\org\springframework\boot\spring-boot-test\2.7.3\spring-boot-test-2.7.3.jar;C:\Users\jedrz\.m2\repository\org\springframework\boot\spring-boot-test-autoconfigure\2.7.3\spring-boot-test-autoconfigure-2.7.3.jar;C:\Users\jedrz\.m2\repository\com\jayway\jsonpath\json-path\2.7.0\json-path-2.7.0.jar;C:\Users\jedrz\.m2\repository\net\minidev\json-smart\2.4.8\json-smart-2.4.8.jar;C:\Users\jedrz\.m2\repository\net\minidev\accessors-smart\2.4.8\accessors-smart-2.4.8.jar;C:\Users\jedrz\.m2\repository\org\ow2\asm\asm\9.1\asm-9.1.jar;C:\Users\jedrz\.m2\repository\jakarta\xml\bind\jakarta.xml.bind-api\2.3.3\jakarta.xml.bind-api-2.3.3.jar;C:\Users\jedrz\.m2\repository\jakarta\activation\jakarta.activation-api\1.2.2\jakarta.activation-api-1.2.2.jar;C:\Users\jedrz\.m2\repository\org\assertj\assertj-core\3.22.0\assertj-core-3.22.0.jar;C:\Users\jedrz\.m2\repository\org\hamcrest\hamcrest\2.2\hamcrest-2.2.jar;C:\Users\jedrz\.m2\repository\org\junit\jupiter\junit-jupiter\5.8.2\junit-jupiter-5.8.2.jar;C:\Users\jedrz\.m2\repository\org\junit\jupiter\junit-jupiter-api\5.8.2\junit-jupiter-api-5.8.2.jar;C:\Users\jedrz\.m2\repository\org\opentest4j\opentest4j\1.2.0\opentest4j-1.2.0.jar;C:\Users\jedrz\.m2\repository\org\junit\platform\junit-platform-commons\1.8.2\junit-platform-commons-1.8.2.jar;C:\Users\jedrz\.m2\repository\org\apiguardian\apiguardian-api\1.1.2\apiguardian-api-1.1.2.jar;C:\Users\jedrz\.m2\repository\org\junit\jupiter\junit-jupiter-params\5.8.2\junit-jupiter-params-5.8.2.jar;C:\Users\jedrz\.m2\repository\org\junit\jupiter\junit-jupiter-engine\5.8.2\junit-jupiter-engine-5.8.2.jar;C:\Users\jedrz\.m2\repository\org\junit\platform\junit-platform-engine\1.8.2\junit-platform-engine-1.8.2.jar;C:\Users\jedrz\.m2\repository\org\mockito\mockito-junit-jupiter\4.5.1\mockito-junit-jupiter-4.5.1.jar;C:\Users\jedrz\.m2\repository\org\skyscreamer\jsonassert\1.5.1\jsonassert-1.5.1.jar;C:\Users\jedrz\.m2\repository\com\vaadin\external\google\android-json\0.0.20131108.vaadin1\android-json-0.0.20131108.vaadin1.jar;C:\Users\jedrz\.m2\repository\org\xmlunit\xmlunit-core\2.9.0\xmlunit-core-2.9.0.jar;C:\Users\jedrz\.m2\repository\org\mockito\mockito-core\4.8.1\mockito-core-4.8.1.jar;C:\Users\jedrz\.m2\repository\net\bytebuddy\byte-buddy\1.12.13\byte-buddy-1.12.13.jar;C:\Users\jedrz\.m2\repository\net\bytebuddy\byte-buddy-agent\1.12.13\byte-buddy-agent-1.12.13.jar;C:\Users\jedrz\.m2\repository\org\objenesis\objenesis\3.2\objenesis-3.2.jar;C:\Users\jedrz\.m2\repository\junit\junit\4.13.2\junit-4.13.2.jar;C:\Users\jedrz\.m2\repository\org\hamcrest\hamcrest-core\2.2\hamcrest-core-2.2.jar;"/>
    <property name="sun.cpu.endian" value="little"/>
    <property name="user.home" value="C:\Users\jedrz"/>
    <property name="user.language" value="pl"/>
    <property name="java.specification.vendor" value="Oracle Corporation"/>
    <property name="java.version.date" value="2022-10-18"/>
    <property name="java.home" value="C:\Program Files\Java\jdk-11.0.17"/>
    <property name="file.separator" value="\"/>
    <property name="basedir" value="C:\Users\jedrz\IdeaProjects\projekt\serwis"/>
    <property name="java.vm.compressedOopsMode" value="Zero based"/>
    <property name="line.separator" value="&#10;"/>
    <property name="java.specification.name" value="Java Platform API Specification"/>
    <property name="java.vm.specification.vendor" value="Oracle Corporation"/>
    <property name="java.awt.graphicsenv" value="sun.awt.Win32GraphicsEnvironment"/>
    <property name="surefire.real.class.path" value="C:\Users\jedrz\AppData\Local\Temp\surefire13587649390963936884\surefirebooter1279956655379217186.jar"/>
    <property name="user.script" value=""/>
    <property name="sun.management.compiler" value="HotSpot 64-Bit Tiered Compilers"/>
    <property name="java.runtime.version" value="11.0.17+10-LTS-269"/>
    <property name="user.name" value="jedras"/>
    <property name="path.separator" value=";"/>
    <property name="os.version" value="10.0"/>
    <property name="java.runtime.name" value="Java(TM) SE Runtime Environment"/>
    <property name="file.encoding" value="Cp1250"/>
    <property name="java.vm.name" value="Java HotSpot(TM) 64-Bit Server VM"/>
    <property name="java.vendor.version" value="18.9"/>
    <property name="localRepository" value="C:\Users\jedrz\.m2\repository"/>
    <property name="java.vendor.url.bug" value="https://bugreport.java.com/bugreport/"/>
    <property name="java.io.tmpdir" value="C:\Users\jedrz\AppData\Local\Temp\"/>
    <property name="java.version" value="11.0.17"/>
    <property name="user.dir" value="C:\Users\jedrz\IdeaProjects\projekt\serwis"/>
    <property name="os.arch" value="amd64"/>
    <property name="java.vm.specification.name" value="Java Virtual Machine Specification"/>
    <property name="java.awt.printerjob" value="sun.awt.windows.WPrinterJob"/>
    <property name="sun.os.patch.level" value=""/>
    <property name="java.library.path" value="C:\Program Files\Java\jdk-11.0.17\bin;C:\Windows\Sun\Java\bin;C:\Windows\system32;C:\Windows;C:\Users\jedrz\Desktop\WINDOWS.X64_193000_db_home\bin;C:\Program Files\Common Files\Oracle\Java\javapath;C:\Program Files (x86)\Common Files\Oracle\Java\javapath;C:\Windows\system32;C:\Windows;C:\Windows\System32\Wbem;C:\Windows\System32\WindowsPowerShell\v1.0\;C:\Windows\System32\OpenSSH\;C:\Program Files\Git\cmd;C:\PragmaDev\Studio\bin;C:\PragmaDev\Studio\share\3rdparty\MinGW\bin;C:\PragmaDev\Studio\bin;C:\PragmaDev\Studio\share\3rdparty\MinGW\bin;C:\PragmaDev\Studio\bin;C:\PragmaDev\Studio\share\3rdparty\MinGW\bin;C:\PragmaDev\Studio\bin;C:\PragmaDev\Studio\share\3rdparty\MinGW\bin;C:\PragmaDev\Studio\bin;C:\PragmaDev\Studio\share\3rdparty\MinGW\bin;C:\PragmaDev\Studio\bin;C:\PragmaDev\Studio\share\3rdparty\MinGW\bin;C:\Program Files\Java\jdk-16.0.2\bin;C:\Program Files\apache-maven-3.8.2-bin (1)\apache-maven-3.8.2\bin;C:\Program Files\Microsoft SQL Server\150\Tools\Binn\;C:\Program Files\Amazon\AWSCLIV2\;C:\Program Files\Docker\Docker\resources\bin;C:\Program Files\Kubernetes\Minikube;C:\Program Files\nodejs\;C:\Program Files\MATLAB\R2022b\bin;C:\Program Files\PuTTY\;C:\Program Files\MySQL\MySQL Shell 8.0\bin\;C:\Users\jedrz\AppData\Local\Microsoft\WindowsApps;C:\Users\jedrz\AppData\Local\GitHubDesktop\bin;C:\PragmaDev\Studio\bin;C:\PragmaDev\Studio\share\3rdparty\MinGW\bin;C:\PragmaDev\Studio\bin;C:\PragmaDev\Studio\share\3rdparty\MinGW\bin;C:\PragmaDev\Studio\bin;C:\PragmaDev\Studio\share\3rdparty\MinGW\bin;C:\PragmaDev\Studio\bin;C:\PragmaDev\Studio\share\3rdparty\MinGW\bin;C:\PragmaDev\Studio\bin;C:\PragmaDev\Studio\share\3rdparty\MinGW\bin;C:\PragmaDev\Studio\bin;C:\PragmaDev\Studio\share\3rdparty\MinGW\bin;C:\Users\jedrz\AppData\Local\Programs\Microsoft VS Code\bin;C:\Users\jedrz\AppData\Roaming\npm;."/>
    <property name="java.vendor" value="Oracle Corporation"/>
    <property name="java.vm.info" value="mixed mode"/>
    <property name="java.vm.version" value="11.0.17+10-LTS-269"/>
    <property name="sun.io.unicode.encoding" value="UnicodeLittle"/>
    <property name="java.class.version" value="55.0"/>
  </properties>
  <testcase name="addReaction" classname="com.example.serwis.controller.ReactionControllerTest" time="0.094">
    <error message="Request processing failed; nested exception is java.lang.NullPointerException" type="org.springframework.web.util.NestedServletException">org.springframework.web.util.NestedServletException: Request processing failed; nested exception is java.lang.NullPointerException
	at com.example.serwis.controller.ReactionControllerTest.addReaction(ReactionControllerTest.java:38)
Caused by: java.lang.NullPointerException
	at com.example.serwis.controller.ReactionControllerTest.addReaction(ReactionControllerTest.java:38)
</error>
    <system-out><![CDATA[2023-03-16 01:11:40.747  INFO 6152 --- [           main] .b.t.c.SpringBootTestContextBootstrapper : Neither @ContextConfiguration nor @ContextHierarchy found for test class [com.example.serwis.controller.ReactionControllerTest], using SpringBootContextLoader
2023-03-16 01:11:40.747  INFO 6152 --- [           main] o.s.t.c.support.AbstractContextLoader    : Could not detect default resource locations for test class [com.example.serwis.controller.ReactionControllerTest]: no resource found for suffixes {-context.xml, Context.groovy}.
2023-03-16 01:11:40.747  INFO 6152 --- [           main] t.c.s.AnnotationConfigContextLoaderUtils : Could not detect default configuration classes for test class [com.example.serwis.controller.ReactionControllerTest]: ReactionControllerTest does not declare any static, non-private, non-final, nested classes annotated with @Configuration.
2023-03-16 01:11:40.747  INFO 6152 --- [           main] .b.t.c.SpringBootTestContextBootstrapper : Found @SpringBootConfiguration com.example.serwis.SerwisApplication for test class com.example.serwis.controller.ReactionControllerTest
2023-03-16 01:11:40.747  INFO 6152 --- [           main] .b.t.c.SpringBootTestContextBootstrapper : Loaded default TestExecutionListener class names from location [META-INF/spring.factories]: [org.springframework.security.test.context.support.WithSecurityContextTestExecutionListener, org.springframework.security.test.context.support.ReactorContextTestExecutionListener, org.springframework.test.context.web.ServletTestExecutionListener, org.springframework.test.context.support.DirtiesContextBeforeModesTestExecutionListener, org.springframework.test.context.event.ApplicationEventsTestExecutionListener, org.springframework.test.context.support.DependencyInjectionTestExecutionListener, org.springframework.test.context.support.DirtiesContextTestExecutionListener, org.springframework.test.context.transaction.TransactionalTestExecutionListener, org.springframework.test.context.jdbc.SqlScriptsTestExecutionListener, org.springframework.test.context.event.EventPublishingTestExecutionListener, org.springframework.boot.test.mock.mockito.MockitoTestExecutionListener, org.springframework.boot.test.mock.mockito.ResetMocksTestExecutionListener, org.springframework.boot.test.autoconfigure.restdocs.RestDocsTestExecutionListener, org.springframework.boot.test.autoconfigure.web.client.MockRestServiceServerResetTestExecutionListener, org.springframework.boot.test.autoconfigure.web.servlet.MockMvcPrintOnlyOnFailureTestExecutionListener, org.springframework.boot.test.autoconfigure.web.servlet.WebDriverTestExecutionListener, org.springframework.boot.test.autoconfigure.webservices.client.MockWebServiceServerTestExecutionListener]
2023-03-16 01:11:40.747  INFO 6152 --- [           main] .b.t.c.SpringBootTestContextBootstrapper : Using TestExecutionListeners: [org.springframework.test.context.web.ServletTestExecutionListener@4434eb51, org.springframework.test.context.support.DirtiesContextBeforeModesTestExecutionListener@1d0b4b69, org.springframework.test.context.event.ApplicationEventsTestExecutionListener@5910c67e, org.springframework.boot.test.mock.mockito.MockitoTestExecutionListener@1967c032, org.springframework.boot.test.autoconfigure.SpringBootDependencyInjectionTestExecutionListener@7a6ade2c, org.springframework.test.context.support.DirtiesContextTestExecutionListener@3d7d920b, org.springframework.test.context.transaction.TransactionalTestExecutionListener@628190ec, org.springframework.test.context.jdbc.SqlScriptsTestExecutionListener@4540aade, org.springframework.security.test.context.support.WithSecurityContextTestExecutionListener@697797e4, org.springframework.test.context.event.EventPublishingTestExecutionListener@38cbbd0b, org.springframework.security.test.context.support.ReactorContextTestExecutionListener@56a34c0e, org.springframework.boot.test.mock.mockito.ResetMocksTestExecutionListener@16750a5e, org.springframework.boot.test.autoconfigure.restdocs.RestDocsTestExecutionListener@436867c3, org.springframework.boot.test.autoconfigure.web.client.MockRestServiceServerResetTestExecutionListener@262ea940, org.springframework.boot.test.autoconfigure.web.servlet.MockMvcPrintOnlyOnFailureTestExecutionListener@6aa152b7, org.springframework.boot.test.autoconfigure.web.servlet.WebDriverTestExecutionListener@54b88247, org.springframework.boot.test.autoconfigure.webservices.client.MockWebServiceServerTestExecutionListener@54eea16c]
2023-03-16 01:11:40.778  INFO 6152 --- [           main] o.s.t.c.transaction.TransactionContext   : Began transaction (1) for test context [DefaultTestContext@77b7a4b2 testClass = ReactionControllerTest, testInstance = com.example.serwis.controller.ReactionControllerTest@56739ee9, testMethod = addReaction@ReactionControllerTest, testException = [null], mergedContextConfiguration = [WebMergedContextConfiguration@1a56cb99 testClass = ReactionControllerTest, locations = '{}', classes = '{class com.example.serwis.SerwisApplication}', contextInitializerClasses = '[]', activeProfiles = '{}', propertySourceLocations = '{}', propertySourceProperties = '{org.springframework.boot.test.context.SpringBootTestContextBootstrapper=true}', contextCustomizers = set[[ImportsContextCustomizer@1014c825 key = [org.springframework.boot.test.autoconfigure.web.servlet.MockMvcAutoConfiguration, org.springframework.boot.test.autoconfigure.web.servlet.MockMvcWebClientAutoConfiguration, org.springframework.boot.test.autoconfigure.web.servlet.MockMvcWebDriverAutoConfiguration, org.springframework.boot.autoconfigure.security.oauth2.client.servlet.OAuth2ClientAutoConfiguration, org.springframework.boot.autoconfigure.security.oauth2.resource.servlet.OAuth2ResourceServerAutoConfiguration, org.springframework.boot.autoconfigure.security.servlet.SecurityAutoConfiguration, org.springframework.boot.autoconfigure.security.servlet.SecurityFilterAutoConfiguration, org.springframework.boot.autoconfigure.security.servlet.UserDetailsServiceAutoConfiguration, org.springframework.boot.test.autoconfigure.web.servlet.MockMvcSecurityConfiguration, org.springframework.boot.test.autoconfigure.web.reactive.WebTestClientAutoConfiguration]], org.springframework.boot.test.context.filter.ExcludeFilterContextCustomizer@58be6e8, org.springframework.boot.test.json.DuplicateJsonObjectContextCustomizerFactory$DuplicateJsonObjectContextCustomizer@2bd08376, org.springframework.boot.test.mock.mockito.MockitoContextCustomizer@0, org.springframework.boot.test.web.client.TestRestTemplateContextCustomizer@6f63b475, org.springframework.boot.test.autoconfigure.actuate.metrics.MetricsExportContextCustomizerFactory$DisableMetricExportContextCustomizer@6b88ca8c, org.springframework.boot.test.autoconfigure.properties.PropertyMappingContextCustomizer@4b3fa0b3, org.springframework.boot.test.autoconfigure.web.servlet.WebDriverContextCustomizerFactory$Customizer@4ed5eb72, org.springframework.boot.test.context.SpringBootTestArgs@1, org.springframework.boot.test.context.SpringBootTestWebEnvironment@55182842], resourceBasePath = 'src/main/webapp', contextLoader = 'org.springframework.boot.test.context.SpringBootContextLoader', parent = [null]], attributes = map['org.springframework.test.context.web.ServletTestExecutionListener.activateListener' -> true, 'org.springframework.test.context.web.ServletTestExecutionListener.populatedRequestContextHolder' -> true, 'org.springframework.test.context.web.ServletTestExecutionListener.resetRequestContextHolder' -> true, 'org.springframework.test.context.event.ApplicationEventsTestExecutionListener.recordApplicationEvents' -> false]]; transaction manager [org.springframework.orm.jpa.JpaTransactionManager@b9c8678]; rollback [true]
2023-03-16 01:11:40.872  INFO 6152 --- [           main] o.s.t.c.transaction.TransactionContext   : Rolled back transaction for test: [DefaultTestContext@77b7a4b2 testClass = ReactionControllerTest, testInstance = com.example.serwis.controller.ReactionControllerTest@56739ee9, testMethod = addReaction@ReactionControllerTest, testException = org.springframework.web.util.NestedServletException: Request processing failed; nested exception is java.lang.NullPointerException, mergedContextConfiguration = [WebMergedContextConfiguration@1a56cb99 testClass = ReactionControllerTest, locations = '{}', classes = '{class com.example.serwis.SerwisApplication}', contextInitializerClasses = '[]', activeProfiles = '{}', propertySourceLocations = '{}', propertySourceProperties = '{org.springframework.boot.test.context.SpringBootTestContextBootstrapper=true}', contextCustomizers = set[[ImportsContextCustomizer@1014c825 key = [org.springframework.boot.test.autoconfigure.web.servlet.MockMvcAutoConfiguration, org.springframework.boot.test.autoconfigure.web.servlet.MockMvcWebClientAutoConfiguration, org.springframework.boot.test.autoconfigure.web.servlet.MockMvcWebDriverAutoConfiguration, org.springframework.boot.autoconfigure.security.oauth2.client.servlet.OAuth2ClientAutoConfiguration, org.springframework.boot.autoconfigure.security.oauth2.resource.servlet.OAuth2ResourceServerAutoConfiguration, org.springframework.boot.autoconfigure.security.servlet.SecurityAutoConfiguration, org.springframework.boot.autoconfigure.security.servlet.SecurityFilterAutoConfiguration, org.springframework.boot.autoconfigure.security.servlet.UserDetailsServiceAutoConfiguration, org.springframework.boot.test.autoconfigure.web.servlet.MockMvcSecurityConfiguration, org.springframework.boot.test.autoconfigure.web.reactive.WebTestClientAutoConfiguration]], org.springframework.boot.test.context.filter.ExcludeFilterContextCustomizer@58be6e8, org.springframework.boot.test.json.DuplicateJsonObjectContextCustomizerFactory$DuplicateJsonObjectContextCustomizer@2bd08376, org.springframework.boot.test.mock.mockito.MockitoContextCustomizer@0, org.springframework.boot.test.web.client.TestRestTemplateContextCustomizer@6f63b475, org.springframework.boot.test.autoconfigure.actuate.metrics.MetricsExportContextCustomizerFactory$DisableMetricExportContextCustomizer@6b88ca8c, org.springframework.boot.test.autoconfigure.properties.PropertyMappingContextCustomizer@4b3fa0b3, org.springframework.boot.test.autoconfigure.web.servlet.WebDriverContextCustomizerFactory$Customizer@4ed5eb72, org.springframework.boot.test.context.SpringBootTestArgs@1, org.springframework.boot.test.context.SpringBootTestWebEnvironment@55182842], resourceBasePath = 'src/main/webapp', contextLoader = 'org.springframework.boot.test.context.SpringBootContextLoader', parent = [null]], attributes = map['org.springframework.test.context.web.ServletTestExecutionListener.activateListener' -> true, 'org.springframework.test.context.web.ServletTestExecutionListener.populatedRequestContextHolder' -> true, 'org.springframework.test.context.web.ServletTestExecutionListener.resetRequestContextHolder' -> true, 'org.springframework.test.context.event.ApplicationEventsTestExecutionListener.recordApplicationEvents' -> false]]
]]></system-out>
  </testcase>
  <testcase name="deleteReaction" classname="com.example.serwis.controller.ReactionControllerTest" time="0.126">
    <error message="Request processing failed; nested exception is java.lang.NullPointerException" type="org.springframework.web.util.NestedServletException">org.springframework.web.util.NestedServletException: Request processing failed; nested exception is java.lang.NullPointerException
	at com.example.serwis.controller.ReactionControllerTest.deleteReaction(ReactionControllerTest.java:47)
Caused by: java.lang.NullPointerException
	at com.example.serwis.controller.ReactionControllerTest.deleteReaction(ReactionControllerTest.java:47)
</error>
    <system-out><![CDATA[2023-03-16 01:11:40.903  INFO 6152 --- [           main] o.s.t.c.transaction.TransactionContext   : Began transaction (1) for test context [DefaultTestContext@77b7a4b2 testClass = ReactionControllerTest, testInstance = com.example.serwis.controller.ReactionControllerTest@a479c0c, testMethod = deleteReaction@ReactionControllerTest, testException = [null], mergedContextConfiguration = [WebMergedContextConfiguration@1a56cb99 testClass = ReactionControllerTest, locations = '{}', classes = '{class com.example.serwis.SerwisApplication}', contextInitializerClasses = '[]', activeProfiles = '{}', propertySourceLocations = '{}', propertySourceProperties = '{org.springframework.boot.test.context.SpringBootTestContextBootstrapper=true}', contextCustomizers = set[[ImportsContextCustomizer@1014c825 key = [org.springframework.boot.test.autoconfigure.web.servlet.MockMvcAutoConfiguration, org.springframework.boot.test.autoconfigure.web.servlet.MockMvcWebClientAutoConfiguration, org.springframework.boot.test.autoconfigure.web.servlet.MockMvcWebDriverAutoConfiguration, org.springframework.boot.autoconfigure.security.oauth2.client.servlet.OAuth2ClientAutoConfiguration, org.springframework.boot.autoconfigure.security.oauth2.resource.servlet.OAuth2ResourceServerAutoConfiguration, org.springframework.boot.autoconfigure.security.servlet.SecurityAutoConfiguration, org.springframework.boot.autoconfigure.security.servlet.SecurityFilterAutoConfiguration, org.springframework.boot.autoconfigure.security.servlet.UserDetailsServiceAutoConfiguration, org.springframework.boot.test.autoconfigure.web.servlet.MockMvcSecurityConfiguration, org.springframework.boot.test.autoconfigure.web.reactive.WebTestClientAutoConfiguration]], org.springframework.boot.test.context.filter.ExcludeFilterContextCustomizer@58be6e8, org.springframework.boot.test.json.DuplicateJsonObjectContextCustomizerFactory$DuplicateJsonObjectContextCustomizer@2bd08376, org.springframework.boot.test.mock.mockito.MockitoContextCustomizer@0, org.springframework.boot.test.web.client.TestRestTemplateContextCustomizer@6f63b475, org.springframework.boot.test.autoconfigure.actuate.metrics.MetricsExportContextCustomizerFactory$DisableMetricExportContextCustomizer@6b88ca8c, org.springframework.boot.test.autoconfigure.properties.PropertyMappingContextCustomizer@4b3fa0b3, org.springframework.boot.test.autoconfigure.web.servlet.WebDriverContextCustomizerFactory$Customizer@4ed5eb72, org.springframework.boot.test.context.SpringBootTestArgs@1, org.springframework.boot.test.context.SpringBootTestWebEnvironment@55182842], resourceBasePath = 'src/main/webapp', contextLoader = 'org.springframework.boot.test.context.SpringBootContextLoader', parent = [null]], attributes = map['org.springframework.test.context.web.ServletTestExecutionListener.activateListener' -> true, 'org.springframework.test.context.web.ServletTestExecutionListener.populatedRequestContextHolder' -> true, 'org.springframework.test.context.web.ServletTestExecutionListener.resetRequestContextHolder' -> true, 'org.springframework.test.context.event.ApplicationEventsTestExecutionListener.recordApplicationEvents' -> false]]; transaction manager [org.springframework.orm.jpa.JpaTransactionManager@b9c8678]; rollback [true]
2023-03-16 01:11:40.998  INFO 6152 --- [           main] o.s.t.c.transaction.TransactionContext   : Rolled back transaction for test: [DefaultTestContext@77b7a4b2 testClass = ReactionControllerTest, testInstance = com.example.serwis.controller.ReactionControllerTest@a479c0c, testMethod = deleteReaction@ReactionControllerTest, testException = org.springframework.web.util.NestedServletException: Request processing failed; nested exception is java.lang.NullPointerException, mergedContextConfiguration = [WebMergedContextConfiguration@1a56cb99 testClass = ReactionControllerTest, locations = '{}', classes = '{class com.example.serwis.SerwisApplication}', contextInitializerClasses = '[]', activeProfiles = '{}', propertySourceLocations = '{}', propertySourceProperties = '{org.springframework.boot.test.context.SpringBootTestContextBootstrapper=true}', contextCustomizers = set[[ImportsContextCustomizer@1014c825 key = [org.springframework.boot.test.autoconfigure.web.servlet.MockMvcAutoConfiguration, org.springframework.boot.test.autoconfigure.web.servlet.MockMvcWebClientAutoConfiguration, org.springframework.boot.test.autoconfigure.web.servlet.MockMvcWebDriverAutoConfiguration, org.springframework.boot.autoconfigure.security.oauth2.client.servlet.OAuth2ClientAutoConfiguration, org.springframework.boot.autoconfigure.security.oauth2.resource.servlet.OAuth2ResourceServerAutoConfiguration, org.springframework.boot.autoconfigure.security.servlet.SecurityAutoConfiguration, org.springframework.boot.autoconfigure.security.servlet.SecurityFilterAutoConfiguration, org.springframework.boot.autoconfigure.security.servlet.UserDetailsServiceAutoConfiguration, org.springframework.boot.test.autoconfigure.web.servlet.MockMvcSecurityConfiguration, org.springframework.boot.test.autoconfigure.web.reactive.WebTestClientAutoConfiguration]], org.springframework.boot.test.context.filter.ExcludeFilterContextCustomizer@58be6e8, org.springframework.boot.test.json.DuplicateJsonObjectContextCustomizerFactory$DuplicateJsonObjectContextCustomizer@2bd08376, org.springframework.boot.test.mock.mockito.MockitoContextCustomizer@0, org.springframework.boot.test.web.client.TestRestTemplateContextCustomizer@6f63b475, org.springframework.boot.test.autoconfigure.actuate.metrics.MetricsExportContextCustomizerFactory$DisableMetricExportContextCustomizer@6b88ca8c, org.springframework.boot.test.autoconfigure.properties.PropertyMappingContextCustomizer@4b3fa0b3, org.springframework.boot.test.autoconfigure.web.servlet.WebDriverContextCustomizerFactory$Customizer@4ed5eb72, org.springframework.boot.test.context.SpringBootTestArgs@1, org.springframework.boot.test.context.SpringBootTestWebEnvironment@55182842], resourceBasePath = 'src/main/webapp', contextLoader = 'org.springframework.boot.test.context.SpringBootContextLoader', parent = [null]], attributes = map['org.springframework.test.context.web.ServletTestExecutionListener.activateListener' -> true, 'org.springframework.test.context.web.ServletTestExecutionListener.populatedRequestContextHolder' -> true, 'org.springframework.test.context.web.ServletTestExecutionListener.resetRequestContextHolder' -> true, 'org.springframework.test.context.event.ApplicationEventsTestExecutionListener.recordApplicationEvents' -> false]]
]]></system-out>
  </testcase>
</testsuite>